2017-02-24 18:16:53 INFO relay1_on
2017-02-24 18:17:53 INFO relay1_on
2017-02-24 18:17:54 INFO plot done
2017-02-24 18:18:13 INFO tempanalysis done
2017-02-24 18:19:14 INFO relay1_on
2017-02-24 18:20:14 INFO relay1_on
2017-02-24 18:21:14 INFO relay1_on
2017-02-24 18:22:14 INFO relay1_on
2017-02-24 18:23:14 INFO relay1_on
2017-02-24 18:24:14 INFO relay1_on
2017-02-24 18:25:15 INFO relay1_on
2017-02-24 18:26:15 INFO relay1_on
2017-02-24 18:27:15 INFO relay1_on
2017-02-24 18:28:15 INFO relay1_on
2017-02-24 18:28:16 INFO plot done
2017-02-24 18:28:35 INFO tempanalysis done
2017-02-24 18:29:35 INFO relay1_on
2017-02-24 18:30:36 INFO relay1_on
2017-02-24 18:31:36 INFO relay1_on
2017-02-24 18:32:36 INFO relay1_on
2017-02-24 18:33:36 INFO relay1_on
2017-02-24 18:34:36 INFO relay1_on
2017-02-24 18:35:36 INFO relay1_on
2017-02-24 18:36:37 INFO relay1_on
2017-02-24 18:37:37 INFO relay1_on
2017-02-24 18:38:37 INFO relay1_on
2017-02-24 18:38:38 INFO plot done
2017-02-24 18:38:57 INFO tempanalysis done
2017-02-24 18:39:58 INFO relay1_on
2017-02-24 18:40:58 INFO relay1_on
2017-02-24 18:41:58 INFO relay1_on
2017-02-24 18:42:58 INFO relay1_on
2017-02-24 18:43:58 INFO relay1_on
2017-02-24 18:44:59 INFO relay1_on
2017-02-24 18:45:59 INFO relay1_on
2017-02-24 18:46:59 INFO relay1_on
2017-02-24 18:47:59 INFO relay1_on
2017-02-24 18:48:59 INFO relay1_on
2017-02-24 18:49:00 INFO plot done
2017-02-24 18:49:20 INFO tempanalysis done
2017-02-24 18:50:20 INFO relay1_on
2017-02-24 18:51:20 INFO relay1_on
2017-02-24 18:52:20 INFO relay1_on
2017-02-24 18:53:20 INFO relay1_on
2017-02-24 18:54:21 INFO relay1_on
2017-02-24 18:55:21 INFO relay1_on
2017-02-24 18:56:21 INFO relay1_on
2017-02-24 18:57:21 INFO relay1_on
2017-02-24 18:58:21 INFO relay1_on
2017-02-24 18:59:21 INFO relay1_on
2017-02-24 18:59:22 INFO plot done
2017-02-24 18:59:43 INFO tempanalysis done
2017-02-24 19:00:43 INFO relay1_on
2017-02-24 19:01:43 INFO relay1_on
2017-02-24 19:02:43 INFO relay1_on
2017-02-24 19:03:44 INFO relay1_on
2017-02-24 19:04:44 INFO relay1_on
2017-02-24 19:09:33 INFO ***start program
2017-02-24 19:09:33 INFO using directory  /home/pi/fishtank/
2017-02-24 19:09:33 INFO testing = False
2017-02-24 19:09:34 INFO start light on=05:30
2017-02-24 19:09:34 INFO end light off=20:45
2017-02-24 19:09:34 INFO nowtime =19:09
2017-02-24 19:09:34 INFO relay1_on
2017-02-24 19:09:34 INFO celcius 25.00  fahrenheit 77.00  ok
2017-02-24 19:10:35 INFO relay1_on
2017-02-24 19:11:36 INFO relay1_on
2017-02-24 19:12:36 INFO relay1_on
2017-02-24 19:13:36 INFO relay1_on
2017-02-24 19:14:36 INFO relay1_on
2017-02-24 19:15:36 INFO relay1_on
2017-02-24 19:16:36 INFO relay1_on
2017-02-24 19:17:36 INFO relay1_on
2017-02-24 19:18:37 INFO relay1_on
2017-02-24 19:19:37 INFO relay1_on
2017-02-24 19:20:38 INFO relay1_on
2017-02-24 19:21:39 INFO relay1_on
2017-02-24 19:22:39 INFO relay1_on
2017-02-24 19:23:13 INFO keyboard exception
2017-02-24 19:24:17 INFO ***start program
2017-02-24 19:24:17 INFO using directory  /home/pi/fishtank/
2017-02-24 19:24:17 INFO testing = False
2017-02-24 19:24:17 INFO start light on=05:30
2017-02-24 19:24:17 INFO end light off=20:45
2017-02-24 19:24:17 INFO nowtime =19:24
2017-02-24 19:24:17 INFO relay1_on
2017-02-24 19:24:17 INFO celcius 25.00  fahrenheit 77.00  ok
2017-02-24 19:40:48 INFO ***start program
2017-02-24 19:40:48 INFO using directory  /home/pi/fishtank/
2017-02-24 19:40:48 INFO testing = False
2017-02-24 19:40:48 INFO start light on=05:30
2017-02-24 19:40:48 INFO end light off=20:45
2017-02-24 19:40:48 INFO nowtime =19:40
2017-02-24 19:40:48 INFO relay1_on
2017-02-24 19:40:48 INFO celcius 25.00  fahrenheit 77.00  ok
2017-02-24 20:01:59 INFO ***start program
2017-02-24 20:01:59 INFO using directory  /home/pi/fishtank/
2017-02-24 20:01:59 INFO testing = False
2017-02-24 20:01:59 INFO start light on=05:30
2017-02-24 20:01:59 INFO end light off=20:45
2017-02-24 20:01:59 INFO nowtime =20:01
2017-02-24 20:01:59 INFO relay1_on
2017-02-24 20:01:59 INFO celcius 24.88  fahrenheit 76.78  ok
2017-02-24 20:03:01 INFO relay1_on
2017-02-24 20:04:01 INFO relay1_on
2017-02-24 20:05:01 INFO relay1_on
2017-02-24 20:06:01 INFO relay1_on
2017-02-24 20:07:01 INFO relay1_on
2017-02-24 20:08:02 INFO relay1_on
2017-02-24 20:09:02 INFO relay1_on
2017-02-24 20:10:02 INFO relay1_on
2017-02-24 20:11:02 INFO relay1_on
2017-02-24 20:12:02 INFO relay1_on
2017-02-24 20:13:03 INFO relay1_on
2017-02-24 20:14:04 INFO relay1_on
2017-02-24 20:15:04 INFO relay1_on
2017-02-24 20:16:04 INFO relay1_on
2017-02-24 20:17:04 INFO relay1_on
2017-02-24 20:18:04 INFO relay1_on
2017-02-24 20:19:05 INFO relay1_on
2017-02-24 20:20:05 INFO relay1_on
2017-02-24 20:21:05 INFO relay1_on
2017-02-24 20:21:15 INFO keyboard exception
2017-02-24 20:21:41 INFO ***start program
2017-02-24 20:21:41 INFO using directory  /home/pi/fishtank/
2017-02-24 20:21:41 INFO testing = False
2017-02-24 20:21:41 INFO start light on=05:30
2017-02-24 20:21:41 INFO end light off=20:45
2017-02-24 20:21:41 INFO nowtime =20:21
2017-02-24 20:21:41 INFO relay1_on
2017-02-24 20:21:41 INFO celcius 24.88  fahrenheit 76.78  ok
2017-02-24 20:22:42 INFO relay1_on
2017-02-24 20:23:43 INFO relay1_on
2017-02-24 20:24:42 INFO keyboard exception
2017-02-24 20:25:18 INFO ***start program
2017-02-24 20:25:18 INFO using directory  /home/pi/fishtank/
2017-02-24 20:25:18 INFO testing = False
2017-02-24 20:25:18 INFO start light on=05:30
2017-02-24 20:25:18 INFO end light off=20:45
2017-02-24 20:25:18 INFO nowtime =20:25
2017-02-24 20:25:18 INFO relay1_on
2017-02-24 20:25:19 INFO celcius 24.81  fahrenheit 76.66  ok
2017-02-24 20:26:42 INFO relay1_on
2017-02-24 20:27:43 INFO relay1_on
2017-02-24 20:28:43 INFO relay1_on
2017-02-24 20:29:43 INFO relay1_on
2017-02-24 20:30:43 INFO relay1_on
2017-02-24 20:31:43 INFO relay1_on
2017-02-24 20:32:44 INFO relay1_on
2017-02-24 20:33:44 INFO relay1_on
2017-02-24 20:34:44 INFO relay1_on
2017-02-24 20:35:44 INFO relay1_on
2017-02-24 20:36:45 INFO relay1_on
2017-02-24 20:37:45 INFO relay1_on
2017-02-24 20:38:45 INFO relay1_on
2017-02-24 20:39:46 INFO relay1_on
2017-02-24 20:40:46 INFO relay1_on
2017-02-24 20:41:46 INFO relay1_on
2017-02-24 20:42:46 INFO relay1_on
2017-02-24 20:43:46 INFO relay1_on
2017-02-24 20:44:46 INFO relay1_on
2017-02-24 20:45:47 INFO relay1_off
2017-02-24 20:45:47 INFO relay1_off
2017-02-24 20:46:48 INFO relay1_off
2017-02-24 20:47:48 INFO relay1_off
2017-02-24 20:48:48 INFO relay1_off
2017-02-24 20:49:48 INFO relay1_off
2017-02-24 20:50:52 INFO ***start program
2017-02-24 20:50:52 INFO using directory  /home/pi/fishtank/
2017-02-24 20:50:52 INFO testing = False
2017-02-24 20:50:52 INFO start light on=05:30
2017-02-24 20:50:52 INFO end light off=20:45
2017-02-24 20:50:52 INFO nowtime =20:50
2017-02-24 20:50:52 INFO relay1_off
2017-02-24 20:50:52 INFO celcius 85.00  fahrenheit 185.00  hi
2017-02-24 21:17:40 INFO ***start program
2017-02-24 21:17:40 INFO using directory  /home/pi/fishtank/
2017-02-24 21:17:40 INFO testing = False
2017-02-24 21:21:29 INFO ***start program
2017-02-24 21:21:29 INFO using directory  /home/pi/fishtank/
2017-02-24 21:21:29 INFO testing = False
2017-02-24 21:21:29 INFO start light on=05:30
2017-02-24 21:21:29 INFO end light off=20:45
2017-02-24 21:21:29 INFO nowtime =21:21
2017-02-24 21:21:29 INFO relay1_off
2017-02-24 21:21:29 INFO celcius 24.75  fahrenheit 76.55  ok
2017-02-24 21:38:37 INFO ***start program
2017-02-24 21:38:37 INFO using directory  /home/pi/fishtank/
2017-02-24 21:38:37 INFO testing = False
2017-02-24 21:38:37 INFO start light on=05:30
2017-02-24 21:38:37 INFO end light off=20:45
2017-02-24 21:38:37 INFO nowtime =21:38
2017-02-24 21:38:37 INFO relay1_off
2017-02-24 21:38:37 INFO celcius 24.88  fahrenheit 76.78  ok
2017-02-24 21:38:38 ERROR AIO IO error
2017-02-24 21:38:38 ERROR prowl error
2017-02-24 21:39:59 INFO relay1_off
2017-02-24 21:40:59 INFO relay1_off
2017-02-24 21:41:59 INFO relay1_off
2017-02-24 21:42:59 INFO relay1_off
2017-02-24 21:43:59 INFO relay1_off
2017-02-24 21:44:59 INFO relay1_off
2017-02-24 21:46:00 INFO relay1_off
2017-02-24 21:47:00 INFO relay1_off
2017-02-24 21:48:00 INFO relay1_off
2017-02-24 21:48:49 INFO ***start program
2017-02-24 21:48:49 INFO using directory  /home/pi/fishtank/
2017-02-24 21:48:49 INFO testing = False
2017-02-24 21:48:49 INFO start light on=05:30
2017-02-24 21:48:49 INFO end light off=20:45
2017-02-24 21:48:49 INFO nowtime =21:48
2017-02-24 21:48:49 INFO relay1_off
2017-02-24 21:48:50 INFO celcius 24.75  fahrenheit 76.55  ok
2017-02-24 21:48:50 ERROR AIO IO error
2017-02-24 21:48:50 ERROR prowl error
2017-02-24 21:50:11 INFO relay1_off
2017-02-24 21:51:11 INFO relay1_off
2017-02-24 21:52:11 INFO relay1_off
2017-02-24 21:53:12 INFO relay1_off
2017-02-24 21:54:12 INFO relay1_off
2017-02-24 21:55:12 INFO relay1_off
2017-02-24 21:56:12 INFO relay1_off
2017-02-24 21:57:12 INFO relay1_off
2017-02-24 21:58:12 INFO relay1_off
2017-02-24 21:59:13 INFO relay1_off
2017-02-24 22:00:15 INFO relay1_off
2017-02-24 22:01:15 INFO relay1_off
2017-02-24 22:02:15 INFO relay1_off
2017-02-24 22:03:15 INFO relay1_off
2017-02-24 22:04:16 INFO relay1_off
2017-02-24 22:05:16 INFO relay1_off
2017-02-24 22:06:17 INFO relay1_off
2017-02-24 22:07:17 INFO relay1_off
2017-02-24 22:08:17 INFO relay1_off
2017-02-24 22:09:17 INFO relay1_off
2017-02-24 22:10:19 INFO relay1_off
2017-02-24 22:11:19 INFO relay1_off
2017-02-24 22:12:19 INFO relay1_off
2017-02-24 22:13:19 INFO relay1_off
2017-02-24 22:14:19 INFO relay1_off
2017-02-24 22:15:19 INFO relay1_off
2017-02-24 22:16:19 INFO relay1_off
2017-02-24 22:17:20 INFO relay1_off
2017-02-24 22:18:20 INFO relay1_off
2017-02-24 22:19:20 INFO relay1_off
2017-02-24 22:20:22 INFO relay1_off
2017-02-24 22:21:22 INFO relay1_off
2017-02-24 22:22:23 INFO relay1_off
2017-02-24 22:23:23 INFO relay1_off
2017-02-24 22:24:23 INFO relay1_off
2017-02-24 22:25:23 INFO relay1_off
2017-02-24 22:26:23 INFO relay1_off
2017-02-24 22:27:23 INFO relay1_off
2017-02-24 22:28:24 INFO relay1_off
2017-02-24 22:29:24 INFO relay1_off
2017-02-24 22:30:26 INFO relay1_off
2017-02-24 22:31:26 INFO relay1_off
2017-02-24 22:32:26 INFO relay1_off
2017-02-24 22:33:26 INFO relay1_off
2017-02-24 22:34:27 INFO relay1_off
2017-02-24 22:35:27 INFO relay1_off
2017-02-24 22:36:27 INFO relay1_off
2017-02-24 22:37:27 INFO relay1_off
2017-02-24 22:38:27 INFO relay1_off
2017-02-24 22:39:27 INFO relay1_off
2017-02-24 22:40:30 INFO relay1_off
2017-02-24 22:41:30 INFO relay1_off
2017-02-24 22:42:30 INFO relay1_off
2017-02-24 22:43:30 INFO relay1_off
2017-02-24 22:44:30 INFO relay1_off
2017-02-24 22:45:31 INFO relay1_off
2017-02-24 22:46:31 INFO relay1_off
2017-02-24 22:47:31 INFO relay1_off
2017-02-24 22:48:31 INFO relay1_off
2017-02-24 22:49:31 INFO relay1_off
2017-02-24 22:50:33 INFO relay1_off
2017-02-24 22:51:33 INFO relay1_off
2017-02-24 22:52:34 INFO relay1_off
2017-02-24 22:53:34 INFO relay1_off
2017-02-24 22:54:34 INFO relay1_off
2017-02-24 22:55:34 INFO relay1_off
2017-02-24 22:56:34 INFO relay1_off
2017-02-24 22:57:34 INFO relay1_off
2017-02-24 22:58:35 INFO relay1_off
2017-02-24 22:59:35 INFO relay1_off
2017-02-24 23:00:37 INFO relay1_off
2017-02-24 23:01:37 INFO relay1_off
2017-02-24 23:02:37 INFO relay1_off
2017-02-24 23:03:38 INFO relay1_off
2017-02-24 23:04:38 INFO relay1_off
2017-02-24 23:05:38 INFO relay1_off
2017-02-24 23:06:38 INFO relay1_off
2017-02-24 23:07:38 INFO relay1_off
2017-02-24 23:08:38 INFO relay1_off
2017-02-24 23:09:38 INFO relay1_off
2017-02-24 23:10:39 INFO relay1_off
2017-02-24 23:11:40 INFO relay1_off
2017-02-24 23:12:40 INFO relay1_off
2017-02-24 23:13:40 INFO relay1_off
2017-02-24 23:14:40 INFO relay1_off
2017-02-24 23:15:40 INFO relay1_off
2017-02-24 23:16:41 INFO relay1_off
2017-02-24 23:17:41 INFO relay1_off
2017-02-24 23:18:41 INFO relay1_off
2017-02-24 23:19:41 INFO relay1_off
2017-02-24 23:20:42 INFO relay1_off
2017-02-24 23:21:42 INFO relay1_off
2017-02-24 23:22:42 INFO relay1_off
2017-02-24 23:23:43 INFO relay1_off
2017-02-24 23:24:43 INFO relay1_off
2017-02-24 23:25:43 INFO relay1_off
2017-02-24 23:26:43 INFO relay1_off
2017-02-24 23:27:43 INFO relay1_off
2017-02-24 23:28:43 INFO relay1_off
2017-02-24 23:29:44 INFO relay1_off
2017-02-24 23:30:45 INFO relay1_off
2017-02-24 23:31:45 INFO relay1_off
2017-02-24 23:32:45 INFO relay1_off
2017-02-24 23:33:45 INFO relay1_off
2017-02-24 23:34:46 INFO relay1_off
2017-02-24 23:35:46 INFO relay1_off
2017-02-24 23:36:46 INFO relay1_off
2017-02-24 23:37:46 INFO relay1_off
2017-02-24 23:38:46 INFO relay1_off
2017-02-24 23:39:47 INFO relay1_off
2017-02-24 23:40:47 INFO relay1_off
2017-02-24 23:41:48 INFO relay1_off
2017-02-24 23:42:48 INFO relay1_off
2017-02-24 23:43:48 INFO relay1_off
2017-02-24 23:44:48 INFO relay1_off
2017-02-24 23:45:48 INFO relay1_off
2017-02-24 23:46:48 INFO relay1_off
2017-02-24 23:47:49 INFO relay1_off
2017-02-24 23:48:49 INFO relay1_off
2017-02-24 23:49:49 INFO relay1_off
2017-02-24 23:50:50 INFO relay1_off
2017-02-24 23:51:50 INFO relay1_off
2017-02-24 23:52:50 INFO relay1_off
2017-02-24 23:53:50 INFO relay1_off
2017-02-24 23:54:51 INFO relay1_off
2017-02-24 23:55:51 INFO relay1_off
2017-02-24 23:56:51 INFO relay1_off
2017-02-24 23:57:51 INFO relay1_off
2017-02-24 23:58:51 INFO relay1_off
2017-02-24 23:59:51 INFO relay1_off
2017-02-25 00:00:52 INFO relay1_off
2017-02-25 00:01:52 INFO relay1_off
2017-02-25 00:02:52 INFO relay1_off
2017-02-25 00:03:53 INFO relay1_off
2017-02-25 00:04:53 INFO relay1_off
2017-02-25 00:05:54 INFO relay1_off
2017-02-25 00:06:54 INFO relay1_off
2017-02-25 00:07:54 INFO relay1_off
2017-02-25 00:08:54 INFO relay1_off
2017-02-25 00:09:55 INFO relay1_off
2017-02-25 00:10:55 INFO relay1_off
2017-02-25 00:11:56 INFO relay1_off
2017-02-25 00:12:56 INFO relay1_off
2017-02-25 00:13:56 INFO relay1_off
2017-02-25 00:14:56 INFO relay1_off
2017-02-25 00:15:56 INFO relay1_off
2017-02-25 00:16:56 INFO relay1_off
2017-02-25 00:17:56 INFO relay1_off
2017-02-25 00:18:57 INFO relay1_off
2017-02-25 00:19:57 INFO relay1_off
2017-02-25 00:20:58 INFO relay1_off
2017-02-25 00:21:58 INFO relay1_off
2017-02-25 00:22:58 INFO relay1_off
2017-02-25 00:23:58 INFO relay1_off
2017-02-25 00:24:58 INFO relay1_off
2017-02-25 00:25:59 INFO relay1_off
2017-02-25 00:26:59 INFO relay1_off
2017-02-25 00:27:59 INFO relay1_off
2017-02-25 00:28:59 INFO relay1_off
2017-02-25 00:29:59 INFO relay1_off
2017-02-25 00:31:00 INFO relay1_off
2017-02-25 00:32:00 INFO relay1_off
2017-02-25 00:33:00 INFO relay1_off
2017-02-25 00:34:01 INFO relay1_off
2017-02-25 00:35:01 INFO relay1_off
2017-02-25 00:36:01 INFO relay1_off
2017-02-25 00:37:01 INFO relay1_off
2017-02-25 00:38:01 INFO relay1_off
2017-02-25 00:39:01 INFO relay1_off
2017-02-25 00:40:02 INFO relay1_off
2017-02-25 00:41:02 INFO relay1_off
2017-02-25 00:42:03 INFO relay1_off
2017-02-25 00:43:03 INFO relay1_off
2017-02-25 00:44:03 INFO relay1_off
2017-02-25 00:45:03 INFO relay1_off
2017-02-25 00:46:03 INFO relay1_off
2017-02-25 00:47:03 INFO relay1_off
2017-02-25 00:48:03 INFO relay1_off
2017-02-25 00:49:04 INFO relay1_off
2017-02-25 00:50:04 INFO relay1_off
2017-02-25 00:51:05 INFO relay1_off
2017-02-25 00:52:05 INFO relay1_off
2017-02-25 00:53:05 INFO relay1_off
2017-02-25 00:54:05 INFO relay1_off
2017-02-25 00:55:05 INFO relay1_off
2017-02-25 00:56:06 INFO relay1_off
2017-02-25 00:57:06 INFO relay1_off
2017-02-25 00:58:06 INFO relay1_off
2017-02-25 00:59:06 INFO relay1_off
2017-02-25 01:00:06 INFO relay1_off
2017-02-25 01:01:07 INFO relay1_off
2017-02-25 01:02:07 INFO relay1_off
2017-02-25 01:03:07 INFO relay1_off
2017-02-25 01:04:08 INFO relay1_off
2017-02-25 01:05:08 INFO relay1_off
2017-02-25 01:06:08 INFO relay1_off
2017-02-25 01:07:08 INFO relay1_off
2017-02-25 01:08:08 INFO relay1_off
2017-02-25 01:09:08 INFO relay1_off
2017-02-25 01:10:09 INFO relay1_off
2017-02-25 01:11:10 INFO relay1_off
2017-02-25 01:12:10 INFO relay1_off
2017-02-25 01:13:10 INFO relay1_off
2017-02-25 01:14:10 INFO relay1_off
2017-02-25 01:15:10 INFO relay1_off
2017-02-25 01:16:10 INFO relay1_off
2017-02-25 01:17:11 INFO relay1_off
2017-02-25 01:18:11 INFO relay1_off
2017-02-25 01:19:11 INFO relay1_off
2017-02-25 01:20:11 INFO relay1_off
2017-02-25 01:21:12 INFO relay1_off
2017-02-25 01:22:12 INFO relay1_off
2017-02-25 01:23:13 INFO relay1_off
2017-02-25 01:24:13 INFO relay1_off
2017-02-25 01:25:13 INFO relay1_off
2017-02-25 01:26:13 INFO relay1_off
2017-02-25 01:27:13 INFO relay1_off
2017-02-25 01:28:13 INFO relay1_off
2017-02-25 01:29:13 INFO relay1_off
2017-02-25 01:30:14 INFO relay1_off
2017-02-25 01:31:14 INFO relay1_off
2017-02-25 01:32:15 INFO relay1_off
2017-02-25 01:33:15 INFO relay1_off
2017-02-25 01:34:15 INFO relay1_off
2017-02-25 01:35:15 INFO relay1_off
2017-02-25 01:36:15 INFO relay1_off
2017-02-25 01:37:15 INFO relay1_off
2017-02-25 01:38:16 INFO relay1_off
2017-02-25 01:39:16 INFO relay1_off
2017-02-25 01:40:16 INFO relay1_off
2017-02-25 01:41:17 INFO relay1_off
2017-02-25 01:42:17 INFO relay1_off
2017-02-25 01:43:17 INFO relay1_off
2017-02-25 01:44:18 INFO relay1_off
2017-02-25 01:45:18 INFO relay1_off
2017-02-25 01:46:18 INFO relay1_off
2017-02-25 01:47:18 INFO relay1_off
2017-02-25 01:48:18 INFO relay1_off
2017-02-25 01:49:18 INFO relay1_off
2017-02-25 01:50:18 INFO relay1_off
2017-02-25 01:51:20 INFO relay1_off
2017-02-25 01:52:20 INFO relay1_off
2017-02-25 01:53:20 INFO relay1_off
2017-02-25 01:54:20 INFO relay1_off
2017-02-25 01:55:20 INFO relay1_off
2017-02-25 01:56:20 INFO relay1_off
2017-02-25 01:57:21 INFO relay1_off
2017-02-25 01:58:21 INFO relay1_off
2017-02-25 01:59:21 INFO relay1_off
2017-02-25 02:00:21 INFO relay1_off
2017-02-25 02:01:22 INFO relay1_off
2017-02-25 02:02:22 INFO relay1_off
2017-02-25 02:03:22 INFO relay1_off
2017-02-25 02:04:22 INFO relay1_off
2017-02-25 02:05:22 INFO relay1_off
2017-02-25 02:06:23 INFO relay1_off
2017-02-25 02:07:23 INFO relay1_off
2017-02-25 02:08:23 INFO relay1_off
2017-02-25 02:09:23 INFO relay1_off
2017-02-25 02:10:23 INFO relay1_off
2017-02-25 02:11:24 INFO relay1_off
2017-02-25 02:12:24 INFO relay1_off
2017-02-25 02:13:25 INFO relay1_off
2017-02-25 02:14:25 INFO relay1_off
2017-02-25 02:15:25 INFO relay1_off
2017-02-25 02:16:25 INFO relay1_off
2017-02-25 02:17:25 INFO relay1_off
2017-02-25 02:18:25 INFO relay1_off
2017-02-25 02:19:26 INFO relay1_off
2017-02-25 02:20:26 INFO relay1_off
2017-02-25 02:21:27 INFO relay1_off
2017-02-25 02:22:27 INFO relay1_off
2017-02-25 02:23:27 INFO relay1_off
2017-02-25 02:24:27 INFO relay1_off
2017-02-25 02:25:28 INFO relay1_off
2017-02-25 02:26:28 INFO relay1_off
2017-02-25 02:27:28 INFO relay1_off
2017-02-25 02:28:28 INFO relay1_off
2017-02-25 02:29:28 INFO relay1_off
2017-02-25 02:30:28 INFO relay1_off
2017-02-25 02:31:29 INFO relay1_off
2017-02-25 02:32:29 INFO relay1_off
2017-02-25 02:33:30 INFO relay1_off
2017-02-25 02:34:30 INFO relay1_off
2017-02-25 02:35:30 INFO relay1_off
2017-02-25 02:36:30 INFO relay1_off
2017-02-25 02:37:30 INFO relay1_off
2017-02-25 02:38:31 INFO relay1_off
2017-02-25 02:39:31 INFO relay1_off
2017-02-25 02:40:31 INFO relay1_off
2017-02-25 02:41:32 INFO relay1_off
2017-02-25 02:42:33 INFO relay1_off
2017-02-25 02:43:33 INFO relay1_off
2017-02-25 02:44:33 INFO relay1_off
2017-02-25 02:45:33 INFO relay1_off
2017-02-25 02:46:33 INFO relay1_off
2017-02-25 02:47:33 INFO relay1_off
2017-02-25 02:48:34 INFO relay1_off
2017-02-25 02:49:34 INFO relay1_off
2017-02-25 02:50:34 INFO relay1_off
2017-02-25 02:51:35 INFO relay1_off
2017-02-25 02:52:35 INFO relay1_off
2017-02-25 02:53:35 INFO relay1_off
2017-02-25 02:54:35 INFO relay1_off
2017-02-25 02:55:36 INFO relay1_off
2017-02-25 02:56:36 INFO relay1_off
2017-02-25 02:57:37 INFO relay1_off
2017-02-25 02:58:37 INFO relay1_off
2017-02-25 02:59:37 INFO relay1_off
2017-02-25 03:00:37 INFO relay1_off
2017-02-25 03:01:38 INFO relay1_off
2017-02-25 03:02:38 INFO relay1_off
2017-02-25 03:03:39 INFO relay1_off
2017-02-25 03:04:39 INFO relay1_off
2017-02-25 03:05:39 INFO relay1_off
2017-02-25 03:06:39 INFO relay1_off
2017-02-25 03:07:39 INFO relay1_off
2017-02-25 03:08:39 INFO relay1_off
2017-02-25 03:09:40 INFO relay1_off
2017-02-25 03:10:40 INFO relay1_off
2017-02-25 03:11:41 INFO relay1_off
2017-02-25 03:12:41 INFO relay1_off
2017-02-25 03:13:41 INFO relay1_off
2017-02-25 03:14:41 INFO relay1_off
2017-02-25 03:15:41 INFO relay1_off
2017-02-25 03:16:41 INFO relay1_off
2017-02-25 03:17:42 INFO relay1_off
2017-02-25 03:18:42 INFO relay1_off
2017-02-25 03:19:42 INFO relay1_off
2017-02-25 03:20:42 INFO relay1_off
2017-02-25 03:21:43 INFO relay1_off
2017-02-25 03:22:43 INFO relay1_off
2017-02-25 03:23:44 INFO relay1_off
2017-02-25 03:24:44 INFO relay1_off
2017-02-25 03:25:44 INFO relay1_off
2017-02-25 03:26:44 INFO relay1_off
2017-02-25 03:27:44 INFO relay1_off
2017-02-25 03:28:44 INFO relay1_off
2017-02-25 03:29:44 INFO relay1_off
2017-02-25 03:30:45 INFO relay1_off
2017-02-25 03:31:46 INFO relay1_off
2017-02-25 03:32:46 INFO relay1_off
2017-02-25 03:33:46 INFO relay1_off
2017-02-25 03:34:46 INFO relay1_off
2017-02-25 03:35:46 INFO relay1_off
2017-02-25 03:36:47 INFO relay1_off
2017-02-25 03:37:47 INFO relay1_off
2017-02-25 03:38:47 INFO relay1_off
2017-02-25 03:39:47 INFO relay1_off
2017-02-25 03:40:47 INFO relay1_off
2017-02-25 03:41:48 INFO relay1_off
2017-02-25 03:42:48 INFO relay1_off
2017-02-25 03:43:48 INFO relay1_off
2017-02-25 03:44:49 INFO relay1_off
2017-02-25 03:45:49 INFO relay1_off
2017-02-25 03:46:49 INFO relay1_off
2017-02-25 03:47:49 INFO relay1_off
2017-02-25 03:48:49 INFO relay1_off
2017-02-25 03:49:49 INFO relay1_off
2017-02-25 03:50:50 INFO relay1_off
2017-02-25 03:51:51 INFO relay1_off
2017-02-25 03:52:51 INFO relay1_off
2017-02-25 03:53:51 INFO relay1_off
2017-02-25 03:54:51 INFO relay1_off
2017-02-25 03:55:51 INFO relay1_off
2017-02-25 03:56:51 INFO relay1_off
2017-02-25 03:57:51 INFO relay1_off
2017-02-25 03:58:52 INFO relay1_off
2017-02-25 03:59:52 INFO relay1_off
2017-02-25 04:00:53 INFO relay1_off
2017-02-25 04:01:54 INFO relay1_off
2017-02-25 04:02:54 INFO relay1_off
2017-02-25 04:03:54 INFO relay1_off
2017-02-25 04:04:54 INFO relay1_off
2017-02-25 04:05:54 INFO relay1_off
2017-02-25 04:06:55 INFO relay1_off
2017-02-25 04:07:55 INFO relay1_off
2017-02-25 04:08:55 INFO relay1_off
2017-02-25 04:09:55 INFO relay1_off
2017-02-25 04:10:55 INFO relay1_off
2017-02-25 04:11:56 INFO relay1_off
2017-02-25 04:12:56 INFO relay1_off
2017-02-25 04:13:57 INFO relay1_off
2017-02-25 04:14:57 INFO relay1_off
2017-02-25 04:15:57 INFO relay1_off
2017-02-25 04:16:57 INFO relay1_off
2017-02-25 04:17:57 INFO relay1_off
2017-02-25 04:18:57 INFO relay1_off
2017-02-25 04:19:58 INFO relay1_off
2017-02-25 04:20:58 INFO relay1_off
2017-02-25 04:21:59 INFO relay1_off
2017-02-25 04:22:59 INFO relay1_off
2017-02-25 04:23:59 INFO relay1_off
2017-02-25 04:24:59 INFO relay1_off
2017-02-25 04:25:59 INFO relay1_off
2017-02-25 04:27:00 INFO relay1_off
2017-02-25 04:28:00 INFO relay1_off
2017-02-25 04:29:00 INFO relay1_off
2017-02-25 04:30:00 INFO relay1_off
2017-02-25 04:31:00 INFO relay1_off
2017-02-25 04:32:01 INFO relay1_off
2017-02-25 04:33:01 INFO relay1_off
2017-02-25 04:34:02 INFO relay1_off
2017-02-25 04:35:02 INFO relay1_off
2017-02-25 04:36:02 INFO relay1_off
2017-02-25 04:37:02 INFO relay1_off
2017-02-25 04:38:02 INFO relay1_off
2017-02-25 04:39:02 INFO relay1_off
2017-02-25 04:40:03 INFO relay1_off
2017-02-25 04:41:03 INFO relay1_off
2017-02-25 04:42:04 INFO relay1_off
2017-02-25 04:43:04 INFO relay1_off
2017-02-25 04:44:04 INFO relay1_off
2017-02-25 04:45:04 INFO relay1_off
2017-02-25 04:46:04 INFO relay1_off
2017-02-25 04:47:04 INFO relay1_off
2017-02-25 04:48:05 INFO relay1_off
2017-02-25 04:49:05 INFO relay1_off
2017-02-25 04:50:05 INFO relay1_off
2017-02-25 04:51:05 INFO relay1_off
2017-02-25 04:52:06 INFO relay1_off
2017-02-25 04:53:06 INFO relay1_off
2017-02-25 04:54:06 INFO relay1_off
2017-02-25 04:55:06 INFO relay1_off
2017-02-25 04:56:07 INFO relay1_off
2017-02-25 04:57:07 INFO relay1_off
2017-02-25 04:58:07 INFO relay1_off
2017-02-25 04:59:07 INFO relay1_off
2017-02-25 05:00:07 INFO relay1_off
2017-02-25 05:01:07 INFO relay1_off
2017-02-25 05:02:08 INFO relay1_off
2017-02-25 05:03:09 INFO relay1_off
2017-02-25 05:04:09 INFO relay1_off
2017-02-25 05:05:09 INFO relay1_off
2017-02-25 05:06:09 INFO relay1_off
2017-02-25 05:07:09 INFO relay1_off
2017-02-25 05:08:09 INFO relay1_off
2017-02-25 05:09:10 INFO relay1_off
2017-02-25 05:10:10 INFO relay1_off
2017-02-25 05:10:23 INFO ***start program
2017-02-25 05:10:23 INFO using directory  /home/pi/fishtank/
2017-02-25 05:10:23 INFO testing = False
2017-02-25 05:10:23 INFO start light on=05:30
2017-02-25 05:10:23 INFO end light off=20:45
2017-02-25 05:10:23 INFO nowtime =05:10
2017-02-25 05:10:23 INFO relay1_off
2017-02-25 05:10:23 INFO celcius 24.81  fahrenheit 76.66  ok
2017-02-25 05:10:23 ERROR AIO IO error
2017-02-25 05:10:24 ERROR prowl error
2017-02-25 05:11:45 INFO relay1_off
2017-02-25 05:12:45 INFO relay1_off
2017-02-25 05:13:45 INFO relay1_off
2017-02-25 05:14:45 INFO relay1_off
2017-02-25 05:15:46 INFO relay1_off
2017-02-25 05:16:47 INFO relay1_off
2017-02-25 05:17:48 INFO relay1_off
2017-02-25 05:18:48 INFO relay1_off
2017-02-25 05:19:48 INFO relay1_off
2017-02-25 05:20:48 INFO relay1_off
2017-02-25 05:21:50 INFO relay1_off
2017-02-25 05:22:50 INFO relay1_off
2017-02-25 05:23:50 INFO relay1_off
2017-02-25 05:24:50 INFO relay1_off
2017-02-25 05:25:51 INFO relay1_off
2017-02-25 05:26:52 INFO relay1_off
2017-02-25 05:27:52 INFO relay1_off
2017-02-25 05:28:52 INFO relay1_off
2017-02-25 05:29:52 INFO relay1_off
2017-02-25 05:30:53 INFO relay1_on
2017-02-25 05:30:53 INFO relay1_on
2017-02-25 05:31:54 INFO relay1_on
2017-02-25 05:32:54 INFO relay1_on
2017-02-25 05:33:54 INFO relay1_on
2017-02-25 05:34:54 INFO relay1_on
2017-02-25 05:35:55 INFO relay1_on
2017-02-25 05:36:56 INFO relay1_on
2017-02-25 05:37:56 INFO relay1_on
2017-02-25 05:38:56 INFO relay1_on
2017-02-25 05:39:57 INFO relay1_on
2017-02-25 05:40:57 INFO relay1_on
2017-02-25 05:41:59 INFO relay1_on
2017-02-25 05:42:59 INFO relay1_on
2017-02-25 05:43:59 INFO relay1_on
2017-02-25 05:44:59 INFO relay1_on
2017-02-25 05:46:00 INFO relay1_on
2017-02-25 05:47:02 INFO relay1_on
2017-02-25 05:48:02 INFO relay1_on
2017-02-25 05:49:02 INFO relay1_on
2017-02-25 05:50:03 INFO relay1_on
2017-02-25 05:51:03 INFO relay1_on
2017-02-25 05:52:04 INFO relay1_on
2017-02-25 05:53:05 INFO relay1_on
2017-02-25 05:54:05 INFO relay1_on
2017-02-25 05:55:05 INFO relay1_on
2017-02-25 05:56:05 INFO relay1_on
2017-02-25 05:57:07 INFO relay1_on
2017-02-25 05:58:07 INFO relay1_on
2017-02-25 05:59:08 INFO relay1_on
2017-02-25 06:00:08 INFO relay1_on
2017-02-25 06:01:08 INFO relay1_on
2017-02-25 06:02:15 INFO relay1_on
2017-02-25 06:03:15 INFO relay1_on
2017-02-25 06:04:15 INFO relay1_on
2017-02-25 06:05:16 INFO relay1_on
2017-02-25 06:06:16 INFO relay1_on
2017-02-25 06:07:26 INFO relay1_on
2017-02-25 06:08:26 INFO relay1_on
2017-02-25 06:09:26 INFO relay1_on
2017-02-25 06:10:26 INFO relay1_on
2017-02-25 06:11:26 INFO relay1_on
2017-02-25 06:12:43 INFO relay1_on
2017-02-25 06:13:44 INFO relay1_on
2017-02-25 06:14:44 INFO relay1_on
2017-02-25 06:15:44 INFO relay1_on
2017-02-25 06:16:44 INFO relay1_on
2017-02-25 06:17:49 INFO relay1_on
2017-02-25 06:18:49 INFO relay1_on
2017-02-25 06:19:49 INFO relay1_on
2017-02-25 06:20:50 INFO relay1_on
2017-02-25 06:21:50 INFO relay1_on
2017-02-25 06:23:15 INFO relay1_on
2017-02-25 06:24:15 INFO relay1_on
2017-02-25 06:25:15 INFO relay1_on
2017-02-25 06:26:16 INFO relay1_on
2017-02-25 06:27:16 INFO relay1_on
2017-02-25 06:28:17 INFO relay1_on
2017-02-25 06:29:17 INFO relay1_on
2017-02-25 06:30:18 INFO relay1_on
2017-02-25 06:31:18 INFO relay1_on
2017-02-25 06:32:18 INFO relay1_on
2017-02-25 06:33:19 INFO relay1_on
2017-02-25 06:34:19 INFO relay1_on
2017-02-25 06:35:20 INFO relay1_on
2017-02-25 06:36:20 INFO relay1_on
2017-02-25 06:37:20 INFO relay1_on
2017-02-25 06:38:21 INFO relay1_on
2017-02-25 06:39:22 INFO relay1_on
2017-02-25 06:40:22 INFO relay1_on
2017-02-25 06:41:22 INFO relay1_on
2017-02-25 06:42:22 INFO relay1_on
2017-02-25 06:43:24 INFO relay1_on
2017-02-25 06:44:24 INFO relay1_on
2017-02-25 06:45:25 INFO relay1_on
2017-02-25 06:46:25 INFO relay1_on
2017-02-25 06:47:25 INFO relay1_on
2017-02-25 06:48:26 INFO relay1_on
2017-02-25 06:49:27 INFO relay1_on
2017-02-25 06:50:27 INFO relay1_on
2017-02-25 06:51:27 INFO relay1_on
2017-02-25 06:52:28 INFO relay1_on
2017-02-25 06:53:33 INFO relay1_on
2017-02-25 06:54:33 INFO relay1_on
2017-02-25 06:55:33 INFO relay1_on
2017-02-25 06:56:33 INFO relay1_on
2017-02-25 06:57:34 INFO relay1_on
2017-02-25 06:58:35 INFO relay1_on
2017-02-25 06:59:35 INFO relay1_on
2017-02-25 07:00:35 INFO relay1_on
2017-02-25 07:01:36 INFO relay1_on
2017-02-25 07:02:36 INFO relay1_on
2017-02-25 07:02:37 ERROR AIO IO error
2017-02-25 07:03:37 INFO relay1_on
2017-02-25 07:04:37 INFO relay1_on
2017-02-25 07:05:37 INFO relay1_on
2017-02-25 07:06:38 INFO relay1_on
2017-02-25 07:07:38 INFO relay1_on
2017-02-25 07:08:43 INFO relay1_on
2017-02-25 07:09:43 INFO relay1_on
2017-02-25 07:10:44 INFO relay1_on
2017-02-25 07:11:44 INFO relay1_on
2017-02-25 07:12:44 INFO relay1_on
2017-02-25 07:13:46 INFO relay1_on
2017-02-25 07:14:46 INFO relay1_on
2017-02-25 07:15:46 INFO relay1_on
2017-02-25 07:16:47 INFO relay1_on
2017-02-25 07:17:47 INFO relay1_on
2017-02-25 07:19:02 INFO relay1_on
2017-02-25 07:20:02 INFO relay1_on
2017-02-25 07:21:03 INFO relay1_on
2017-02-25 07:22:03 INFO relay1_on
2017-02-25 07:23:03 INFO relay1_on
2017-02-25 07:24:04 INFO relay1_on
2017-02-25 07:25:05 INFO relay1_on
2017-02-25 07:26:05 INFO relay1_on
2017-02-25 07:27:05 INFO relay1_on
2017-02-25 07:28:05 INFO relay1_on
2017-02-25 07:29:07 INFO relay1_on
2017-02-25 07:30:07 INFO relay1_on
2017-02-25 07:31:07 INFO relay1_on
2017-02-25 07:32:07 INFO relay1_on
2017-02-25 07:33:08 INFO relay1_on
2017-02-25 07:34:15 INFO relay1_on
2017-02-25 07:35:15 INFO relay1_on
2017-02-25 07:36:15 INFO relay1_on
2017-02-25 07:37:16 INFO relay1_on
2017-02-25 07:38:16 INFO relay1_on
2017-02-25 07:39:18 INFO relay1_on
2017-02-25 07:40:18 INFO relay1_on
2017-02-25 07:41:19 INFO relay1_on
2017-02-25 07:42:19 INFO relay1_on
2017-02-25 07:43:19 INFO relay1_on
2017-02-25 07:43:20 ERROR AIO IO error
2017-02-25 07:44:20 INFO relay1_on
2017-02-25 07:45:21 INFO relay1_on
2017-02-25 07:46:21 INFO relay1_on
2017-02-25 07:47:21 INFO relay1_on
2017-02-25 07:48:21 INFO relay1_on
2017-02-25 07:49:27 INFO relay1_on
2017-02-25 07:50:27 INFO relay1_on
2017-02-25 07:51:27 INFO relay1_on
2017-02-25 07:52:27 INFO relay1_on
2017-02-25 07:53:28 INFO relay1_on
2017-02-25 07:54:29 INFO relay1_on
2017-02-25 07:55:29 INFO relay1_on
2017-02-25 07:56:30 INFO relay1_on
2017-02-25 07:57:30 INFO relay1_on
2017-02-25 07:58:30 INFO relay1_on
2017-02-25 07:59:31 INFO relay1_on
2017-02-25 08:00:31 INFO relay1_on
2017-02-25 08:01:32 INFO relay1_on
2017-02-25 08:02:32 INFO relay1_on
2017-02-25 08:03:32 INFO relay1_on
2017-02-25 08:04:45 INFO relay1_on
2017-02-25 08:05:45 INFO relay1_on
2017-02-25 08:06:45 INFO relay1_on
2017-02-25 08:07:46 INFO relay1_on
2017-02-25 08:08:46 INFO relay1_on
2017-02-25 08:09:48 INFO relay1_on
2017-02-25 08:10:48 INFO relay1_on
2017-02-25 08:11:48 INFO relay1_on
2017-02-25 08:12:48 INFO relay1_on
2017-02-25 08:13:49 INFO relay1_on
2017-02-25 08:14:50 INFO relay1_on
2017-02-25 08:15:50 INFO relay1_on
2017-02-25 08:16:50 INFO relay1_on
2017-02-25 08:17:51 INFO relay1_on
2017-02-25 08:18:51 INFO relay1_on
2017-02-25 08:19:52 INFO relay1_on
2017-02-25 08:20:53 INFO relay1_on
2017-02-25 08:21:53 INFO relay1_on
2017-02-25 08:22:53 INFO relay1_on
2017-02-25 08:23:53 INFO relay1_on
2017-02-25 08:25:14 INFO relay1_on
2017-02-25 08:26:14 INFO relay1_on
2017-02-25 08:27:14 INFO relay1_on
2017-02-25 08:28:15 INFO relay1_on
2017-02-25 08:29:15 INFO relay1_on
2017-02-25 08:30:19 INFO relay1_on
2017-02-25 08:31:20 INFO relay1_on
2017-02-25 08:32:20 INFO relay1_on
2017-02-25 08:33:20 INFO relay1_on
2017-02-25 08:34:20 INFO relay1_on
2017-02-25 08:35:22 INFO relay1_on
2017-02-25 08:36:22 INFO relay1_on
2017-02-25 08:37:22 INFO relay1_on
2017-02-25 08:38:23 INFO relay1_on
2017-02-25 08:39:23 INFO relay1_on
2017-02-25 08:40:24 INFO relay1_on
2017-02-25 08:41:24 INFO relay1_on
2017-02-25 08:42:25 INFO relay1_on
2017-02-25 08:43:25 INFO relay1_on
2017-02-25 08:44:25 INFO relay1_on
2017-02-25 08:45:27 INFO relay1_on
2017-02-25 08:46:27 INFO relay1_on
2017-02-25 08:47:27 INFO relay1_on
2017-02-25 08:48:27 INFO relay1_on
2017-02-25 08:48:34 INFO ***start program
2017-02-25 08:48:34 INFO using directory  /home/pi/fishtank/
2017-02-25 08:48:34 INFO testing = False
2017-02-25 08:48:34 INFO start light on=05:30
2017-02-25 08:48:34 INFO end light off=20:45
2017-02-25 08:48:34 INFO nowtime =08:48
2017-02-25 08:48:34 INFO relay1_on
2017-02-25 08:48:34 INFO celcius 24.88  fahrenheit 76.78  ok
2017-02-25 08:48:35 ERROR AIO IO error
2017-02-25 08:49:56 INFO relay1_on
2017-02-25 08:50:56 INFO relay1_on
2017-02-25 08:51:56 INFO relay1_on
2017-02-25 08:52:56 INFO relay1_on
2017-02-25 08:53:57 INFO relay1_on
2017-02-25 08:55:00 INFO relay1_on
2017-02-25 08:56:00 INFO relay1_on
2017-02-25 08:57:00 INFO relay1_on
2017-02-25 08:58:00 INFO relay1_on
2017-02-25 08:59:01 INFO relay1_on
2017-02-25 09:00:07 INFO relay1_on
2017-02-25 09:01:07 INFO relay1_on
2017-02-25 09:02:07 INFO relay1_on
2017-02-25 09:03:07 INFO relay1_on
2017-02-25 09:04:08 INFO relay1_on
2017-02-25 09:05:09 INFO relay1_on
2017-02-25 09:06:09 INFO relay1_on
2017-02-25 09:07:09 INFO relay1_on
2017-02-25 09:08:10 INFO relay1_on
2017-02-25 09:09:10 INFO relay1_on
2017-02-25 09:10:11 INFO relay1_on
2017-02-25 09:11:11 INFO relay1_on
2017-02-25 09:12:12 INFO relay1_on
2017-02-25 09:13:12 INFO relay1_on
2017-02-25 09:14:12 INFO relay1_on
2017-02-25 09:15:13 INFO relay1_on
2017-02-25 09:16:14 INFO relay1_on
2017-02-25 09:17:14 INFO relay1_on
2017-02-25 09:18:14 INFO relay1_on
2017-02-25 09:19:14 INFO relay1_on
2017-02-25 09:20:16 INFO relay1_on
2017-02-25 09:21:16 INFO relay1_on
2017-02-25 09:22:16 INFO relay1_on
2017-02-25 09:23:16 INFO relay1_on
2017-02-25 09:24:17 INFO relay1_on
2017-02-25 09:25:18 INFO relay1_on
2017-02-25 09:26:18 INFO relay1_on
2017-02-25 09:27:18 INFO relay1_on
2017-02-25 09:28:19 INFO relay1_on
2017-02-25 09:29:19 INFO relay1_on
2017-02-25 09:30:20 INFO relay1_on
2017-02-25 09:31:20 INFO relay1_on
2017-02-25 09:32:21 INFO relay1_on
2017-02-25 09:33:21 INFO relay1_on
2017-02-25 09:34:21 INFO relay1_on
2017-02-25 09:35:22 INFO relay1_on
2017-02-25 09:36:22 INFO relay1_on
2017-02-25 09:37:23 INFO relay1_on
2017-02-25 09:38:23 INFO relay1_on
2017-02-25 09:39:23 INFO relay1_on
2017-02-25 09:40:24 INFO relay1_on
2017-02-25 09:41:25 INFO relay1_on
2017-02-25 09:42:25 INFO relay1_on
2017-02-25 09:43:25 INFO relay1_on
2017-02-25 09:44:25 INFO relay1_on
2017-02-25 09:45:26 INFO relay1_on
2017-02-25 09:46:27 INFO relay1_on
2017-02-25 09:47:27 INFO relay1_on
2017-02-25 09:48:27 INFO relay1_on
2017-02-25 09:49:28 INFO relay1_on
2017-02-25 09:50:29 INFO relay1_on
2017-02-25 09:51:29 INFO relay1_on
2017-02-25 09:52:29 INFO relay1_on
2017-02-25 09:53:29 INFO relay1_on
2017-02-25 09:54:30 INFO relay1_on
2017-02-25 09:55:31 INFO relay1_on
2017-02-25 09:56:31 INFO relay1_on
2017-02-25 09:57:31 INFO relay1_on
2017-02-25 09:58:32 INFO relay1_on
2017-02-25 09:59:32 INFO relay1_on
2017-02-25 10:00:33 INFO relay1_on
2017-02-25 10:01:33 INFO relay1_on
2017-02-25 10:02:33 INFO relay1_on
2017-02-25 10:03:34 INFO relay1_on
2017-02-25 10:04:34 INFO relay1_on
2017-02-25 10:05:35 INFO relay1_on
2017-02-25 10:06:35 INFO relay1_on
2017-02-25 10:07:36 INFO relay1_on
2017-02-25 10:08:36 INFO relay1_on
2017-02-25 10:09:36 INFO relay1_on
2017-02-25 10:10:37 INFO relay1_on
2017-02-25 10:11:38 INFO relay1_on
2017-02-25 10:12:38 INFO relay1_on
2017-02-25 10:13:38 INFO relay1_on
2017-02-25 10:14:38 INFO relay1_on
2017-02-25 10:15:40 INFO relay1_on
2017-02-25 10:16:40 INFO relay1_on
2017-02-25 10:17:40 INFO relay1_on
2017-02-25 10:18:40 INFO relay1_on
2017-02-25 10:19:40 INFO relay1_on
2017-02-25 10:20:42 INFO relay1_on
2017-02-25 10:21:42 INFO relay1_on
2017-02-25 10:22:42 INFO relay1_on
2017-02-25 10:23:43 INFO relay1_on
2017-02-25 10:24:43 INFO relay1_on
2017-02-25 10:25:44 INFO relay1_on
2017-02-25 10:26:44 INFO relay1_on
2017-02-25 10:27:44 INFO relay1_on
2017-02-25 10:28:45 INFO relay1_on
2017-02-25 10:29:46 INFO relay1_on
2017-02-25 10:30:47 INFO relay1_on
2017-02-25 10:31:47 INFO relay1_on
2017-02-25 10:32:47 INFO relay1_on
2017-02-25 10:33:48 INFO relay1_on
2017-02-25 10:34:48 INFO relay1_on
2017-02-25 10:35:49 INFO relay1_on
2017-02-25 10:36:49 INFO relay1_on
2017-02-25 10:37:50 INFO relay1_on
2017-02-25 10:38:50 INFO relay1_on
2017-02-25 10:39:50 INFO relay1_on
2017-02-25 10:40:51 INFO relay1_on
2017-02-25 10:41:52 INFO relay1_on
2017-02-25 10:42:52 INFO relay1_on
2017-02-25 10:43:52 INFO relay1_on
2017-02-25 10:44:52 INFO relay1_on
2017-02-25 10:45:54 INFO relay1_on
2017-02-25 10:46:54 INFO relay1_on
2017-02-25 10:47:54 INFO relay1_on
2017-02-25 10:48:54 INFO relay1_on
2017-02-25 10:49:55 INFO relay1_on
2017-02-25 10:50:56 INFO relay1_on
2017-02-25 10:51:56 INFO relay1_on
2017-02-25 10:52:57 INFO relay1_on
2017-02-25 10:53:57 INFO relay1_on
2017-02-25 10:54:58 INFO relay1_on
2017-02-25 10:55:59 INFO relay1_on
2017-02-25 10:56:59 INFO relay1_on
2017-02-25 10:57:59 INFO relay1_on
2017-02-25 10:59:00 INFO relay1_on
2017-02-25 11:00:00 INFO relay1_on
2017-02-25 11:01:01 INFO relay1_on
2017-02-25 11:02:01 INFO relay1_on
2017-02-25 11:03:01 INFO relay1_on
2017-02-25 11:04:02 INFO relay1_on
2017-02-25 11:05:02 INFO relay1_on
2017-02-25 11:06:03 INFO relay1_on
2017-02-25 11:07:03 INFO relay1_on
2017-02-25 11:08:03 INFO relay1_on
2017-02-25 11:09:04 INFO relay1_on
2017-02-25 11:10:04 INFO relay1_on
2017-02-25 11:11:05 INFO relay1_on
2017-02-25 11:12:05 INFO relay1_on
2017-02-25 11:13:06 INFO relay1_on
2017-02-25 11:14:06 INFO relay1_on
2017-02-25 11:15:06 INFO relay1_on
2017-02-25 11:16:08 INFO relay1_on
2017-02-25 11:17:08 INFO relay1_on
2017-02-25 11:18:08 INFO relay1_on
2017-02-25 11:19:08 INFO relay1_on
2017-02-25 11:20:09 INFO relay1_on
2017-02-25 11:21:10 INFO relay1_on
2017-02-25 11:22:10 INFO relay1_on
2017-02-25 11:23:10 INFO relay1_on
2017-02-25 11:24:10 INFO relay1_on
2017-02-25 11:25:11 INFO relay1_on
2017-02-25 11:26:12 INFO relay1_on
2017-02-25 11:27:12 INFO relay1_on
2017-02-25 11:28:12 INFO relay1_on
2017-02-25 11:29:13 INFO relay1_on
2017-02-25 11:30:13 INFO relay1_on
2017-02-25 11:31:15 INFO relay1_on
2017-02-25 11:32:15 INFO relay1_on
2017-02-25 11:33:15 INFO relay1_on
2017-02-25 11:34:15 INFO relay1_on
2017-02-25 11:35:16 INFO relay1_on
2017-02-25 11:36:17 INFO relay1_on
2017-02-25 11:37:17 INFO relay1_on
2017-02-25 11:38:17 INFO relay1_on
2017-02-25 11:39:18 INFO relay1_on
2017-02-25 11:40:18 INFO relay1_on
2017-02-25 11:41:19 INFO relay1_on
2017-02-25 11:42:19 INFO relay1_on
2017-02-25 11:43:19 INFO relay1_on
2017-02-25 11:44:20 INFO relay1_on
2017-02-25 11:45:20 INFO relay1_on
2017-02-25 11:46:21 INFO relay1_on
2017-02-25 11:47:21 INFO relay1_on
2017-02-25 11:48:21 INFO relay1_on
2017-02-25 11:49:22 INFO relay1_on
2017-02-25 11:50:22 INFO relay1_on
2017-02-25 11:51:23 INFO relay1_on
2017-02-25 11:52:23 INFO relay1_on
2017-02-25 11:53:24 INFO relay1_on
2017-02-25 11:54:24 INFO relay1_on
2017-02-25 11:55:24 INFO relay1_on
2017-02-25 11:56:25 INFO relay1_on
2017-02-25 11:57:25 INFO relay1_on
2017-02-25 11:58:26 INFO relay1_on
2017-02-25 11:59:26 INFO relay1_on
2017-02-25 12:00:26 INFO relay1_on
2017-02-25 12:01:27 INFO relay1_on
2017-02-25 12:02:28 INFO relay1_on
2017-02-25 12:03:28 INFO relay1_on
2017-02-25 12:04:28 INFO relay1_on
2017-02-25 12:05:29 INFO relay1_on
2017-02-25 12:06:30 INFO relay1_on
2017-02-25 12:07:30 INFO relay1_on
2017-02-25 12:08:30 INFO relay1_on
2017-02-25 12:09:31 INFO relay1_on
2017-02-25 12:10:31 INFO relay1_on
2017-02-25 12:11:33 INFO relay1_on
2017-02-25 12:12:33 INFO relay1_on
2017-02-25 12:13:33 INFO relay1_on
2017-02-25 12:14:33 INFO relay1_on
2017-02-25 12:15:34 INFO relay1_on
2017-02-25 12:16:35 INFO relay1_on
2017-02-25 12:17:35 INFO relay1_on
2017-02-25 12:18:35 INFO relay1_on
2017-02-25 12:19:36 INFO relay1_on
2017-02-25 12:20:36 INFO relay1_on
2017-02-25 12:21:37 INFO relay1_on
2017-02-25 12:22:37 INFO relay1_on
2017-02-25 12:23:37 INFO relay1_on
2017-02-25 12:24:38 INFO relay1_on
2017-02-25 12:25:38 INFO relay1_on
2017-02-25 12:26:39 INFO relay1_on
2017-02-25 12:27:39 INFO relay1_on
2017-02-25 12:28:40 INFO relay1_on
2017-02-25 12:29:40 INFO relay1_on
2017-02-25 12:30:40 INFO relay1_on
2017-02-25 12:31:41 INFO relay1_on
2017-02-25 12:32:41 INFO relay1_on
2017-02-25 12:33:42 INFO relay1_on
2017-02-25 12:34:42 INFO relay1_on
2017-02-25 12:35:42 INFO relay1_on
2017-02-25 12:36:43 INFO relay1_on
2017-02-25 12:37:43 INFO relay1_on
2017-02-25 12:38:44 INFO relay1_on
2017-02-25 12:39:44 INFO relay1_on
2017-02-25 12:40:44 INFO relay1_on
2017-02-25 12:41:46 INFO relay1_on
2017-02-25 12:42:46 INFO relay1_on
2017-02-25 12:43:46 INFO relay1_on
2017-02-25 12:44:47 INFO relay1_on
2017-02-25 12:45:47 INFO relay1_on
2017-02-25 12:46:48 INFO relay1_on
2017-02-25 12:47:48 INFO relay1_on
2017-02-25 12:48:49 INFO relay1_on
2017-02-25 12:49:49 INFO relay1_on
2017-02-25 12:50:49 INFO relay1_on
2017-02-25 12:51:50 INFO relay1_on
2017-02-25 12:52:50 INFO relay1_on
2017-02-25 12:53:51 INFO relay1_on
2017-02-25 12:54:51 INFO relay1_on
2017-02-25 12:55:51 INFO relay1_on
2017-02-25 12:56:52 INFO relay1_on
2017-02-25 12:57:53 INFO relay1_on
2017-02-25 12:58:53 INFO relay1_on
2017-02-25 12:59:53 INFO relay1_on
2017-02-25 13:00:53 INFO relay1_on
2017-02-25 13:01:55 INFO relay1_on
2017-02-25 13:02:55 INFO relay1_on
2017-02-25 13:03:55 INFO relay1_on
2017-02-25 13:04:55 INFO relay1_on
2017-02-25 13:05:56 INFO relay1_on
2017-02-25 13:06:57 INFO relay1_on
2017-02-25 13:07:57 INFO relay1_on
2017-02-25 13:08:58 INFO relay1_on
2017-02-25 13:09:58 INFO relay1_on
2017-02-25 13:10:58 INFO relay1_on
2017-02-25 13:11:59 INFO relay1_on
2017-02-25 13:13:00 INFO relay1_on
2017-02-25 13:14:00 INFO relay1_on
2017-02-25 13:15:00 INFO relay1_on
2017-02-25 13:16:00 INFO relay1_on
2017-02-25 13:17:02 INFO relay1_on
2017-02-25 13:18:02 INFO relay1_on
2017-02-25 13:19:02 INFO relay1_on
2017-02-25 13:20:02 INFO relay1_on
2017-02-25 13:21:03 INFO relay1_on
2017-02-25 13:22:04 INFO relay1_on
2017-02-25 13:23:04 INFO relay1_on
2017-02-25 13:24:04 INFO relay1_on
2017-02-25 13:25:05 INFO relay1_on
2017-02-25 13:26:05 INFO relay1_on
2017-02-25 13:27:06 INFO relay1_on
2017-02-25 13:28:06 INFO relay1_on
2017-02-25 13:29:07 INFO relay1_on
2017-02-25 13:30:07 INFO relay1_on
2017-02-25 13:31:07 INFO relay1_on
2017-02-25 13:32:08 INFO relay1_on
2017-02-25 13:33:09 INFO relay1_on
2017-02-25 13:34:09 INFO relay1_on
2017-02-25 13:35:09 INFO relay1_on
2017-02-25 13:36:10 INFO relay1_on
2017-02-25 13:37:11 INFO relay1_on
2017-02-25 13:38:11 INFO relay1_on
2017-02-25 13:39:11 INFO relay1_on
2017-02-25 13:40:12 INFO relay1_on
2017-02-25 13:41:12 INFO relay1_on
2017-02-25 13:42:13 INFO relay1_on
2017-02-25 13:43:13 INFO relay1_on
2017-02-25 13:44:13 INFO relay1_on
2017-02-25 13:45:14 INFO relay1_on
2017-02-25 13:46:14 INFO relay1_on
2017-02-25 13:47:15 INFO relay1_on
2017-02-25 13:48:15 INFO relay1_on
2017-02-25 13:49:16 INFO relay1_on
2017-02-25 13:50:16 INFO relay1_on
2017-02-25 13:51:16 INFO relay1_on
2017-02-25 13:52:18 INFO relay1_on
2017-02-25 13:53:18 INFO relay1_on
2017-02-25 13:54:18 INFO relay1_on
2017-02-25 13:55:18 INFO relay1_on
2017-02-25 13:56:19 INFO relay1_on
2017-02-25 13:57:20 INFO relay1_on
2017-02-25 13:58:20 INFO relay1_on
2017-02-25 13:59:20 INFO relay1_on
2017-02-25 14:00:21 INFO relay1_on
2017-02-25 14:01:21 INFO relay1_on
2017-02-25 14:02:22 INFO relay1_on
2017-02-25 14:03:23 INFO relay1_on
2017-02-25 14:04:23 INFO relay1_on
2017-02-25 14:05:23 INFO relay1_on
2017-02-25 14:06:23 INFO relay1_on
2017-02-25 14:07:25 INFO relay1_on
2017-02-25 14:08:25 INFO relay1_on
2017-02-25 14:09:25 INFO relay1_on
2017-02-25 14:10:25 INFO relay1_on
2017-02-25 14:11:26 INFO relay1_on
2017-02-25 14:12:27 INFO relay1_on
2017-02-25 14:13:27 INFO relay1_on
2017-02-25 14:14:28 INFO relay1_on
2017-02-25 14:15:28 INFO relay1_on
2017-02-25 14:16:28 INFO relay1_on
2017-02-25 14:17:30 INFO relay1_on
2017-02-25 14:18:30 INFO relay1_on
2017-02-25 14:19:31 INFO relay1_on
2017-02-25 14:20:31 INFO relay1_on
2017-02-25 14:21:31 INFO relay1_on
2017-02-25 14:22:32 INFO relay1_on
2017-02-25 14:23:33 INFO relay1_on
2017-02-25 14:24:33 INFO relay1_on
2017-02-25 14:25:33 INFO relay1_on
2017-02-25 14:26:34 INFO relay1_on
2017-02-25 14:27:36 INFO relay1_on
2017-02-25 14:28:37 INFO relay1_on
2017-02-25 14:29:37 INFO relay1_on
2017-02-25 14:30:37 INFO relay1_on
2017-02-25 14:31:37 INFO relay1_on
2017-02-25 14:32:39 INFO relay1_on
2017-02-25 14:33:39 INFO relay1_on
2017-02-25 14:34:39 INFO relay1_on
2017-02-25 14:35:39 INFO relay1_on
2017-02-25 14:36:40 INFO relay1_on
2017-02-25 14:37:41 INFO relay1_on
2017-02-25 14:38:41 INFO relay1_on
2017-02-25 14:39:42 INFO relay1_on
2017-02-25 14:40:42 INFO relay1_on
2017-02-25 14:41:42 INFO relay1_on
2017-02-25 14:42:44 INFO relay1_on
2017-02-25 14:43:44 INFO relay1_on
2017-02-25 14:44:44 INFO relay1_on
2017-02-25 14:45:44 INFO relay1_on
2017-02-25 14:46:45 INFO relay1_on
2017-02-25 14:47:46 INFO relay1_on
2017-02-25 14:48:46 INFO relay1_on
2017-02-25 14:49:47 INFO relay1_on
2017-02-25 14:50:47 INFO relay1_on
2017-02-25 14:51:47 INFO relay1_on
2017-02-25 14:52:48 INFO relay1_on
2017-02-25 14:53:49 INFO relay1_on
2017-02-25 14:54:49 INFO relay1_on
2017-02-25 14:55:49 INFO relay1_on
2017-02-25 14:56:49 INFO relay1_on
2017-02-25 14:57:51 INFO relay1_on
2017-02-25 14:58:51 INFO relay1_on
2017-02-25 14:59:51 INFO relay1_on
2017-02-25 15:00:51 INFO relay1_on
2017-02-25 15:01:52 INFO relay1_on
2017-02-25 15:02:53 INFO relay1_on
2017-02-25 15:03:53 INFO relay1_on
2017-02-25 15:04:54 INFO relay1_on
2017-02-25 15:05:55 INFO relay1_on
2017-02-25 15:06:55 INFO relay1_on
2017-02-25 15:07:56 INFO relay1_on
2017-02-25 15:08:57 INFO relay1_on
2017-02-25 15:09:57 INFO relay1_on
2017-02-25 15:10:57 INFO relay1_on
2017-02-25 15:11:57 INFO relay1_on
2017-02-25 15:12:59 INFO relay1_on
2017-02-25 15:13:59 INFO relay1_on
2017-02-25 15:14:59 INFO relay1_on
2017-02-25 15:15:59 INFO relay1_on
2017-02-25 15:17:00 INFO relay1_on
2017-02-25 15:18:01 INFO relay1_on
2017-02-25 15:19:01 INFO relay1_on
2017-02-25 15:20:01 INFO relay1_on
2017-02-25 15:21:02 INFO relay1_on
2017-02-25 15:22:02 INFO relay1_on
2017-02-25 15:23:03 INFO relay1_on
2017-02-25 15:24:03 INFO relay1_on
2017-02-25 15:25:04 INFO relay1_on
2017-02-25 15:26:04 INFO relay1_on
2017-02-25 15:27:04 INFO relay1_on
2017-02-25 15:28:05 INFO relay1_on
2017-02-25 15:29:05 INFO relay1_on
2017-02-25 15:30:06 INFO relay1_on
2017-02-25 15:31:06 INFO relay1_on
2017-02-25 15:32:06 INFO relay1_on
2017-02-25 15:33:08 INFO relay1_on
2017-02-25 15:34:08 INFO relay1_on
2017-02-25 15:35:08 INFO relay1_on
2017-02-25 15:36:08 INFO relay1_on
2017-02-25 15:37:09 INFO relay1_on
2017-02-25 15:38:11 INFO relay1_on
2017-02-25 15:39:11 INFO relay1_on
2017-02-25 15:40:11 INFO relay1_on
2017-02-25 15:41:11 INFO relay1_on
2017-02-25 15:42:12 INFO relay1_on
2017-02-25 15:43:13 INFO relay1_on
2017-02-25 15:44:13 INFO relay1_on
2017-02-25 15:45:13 INFO relay1_on
2017-02-25 15:46:13 INFO relay1_on
2017-02-25 15:47:14 INFO relay1_on
2017-02-25 15:48:15 INFO relay1_on
2017-02-25 15:49:16 INFO relay1_on
2017-02-25 15:50:16 INFO relay1_on
2017-02-25 15:51:16 INFO relay1_on
2017-02-25 15:52:16 INFO relay1_on
2017-02-25 15:53:18 INFO relay1_on
2017-02-25 15:54:18 INFO relay1_on
2017-02-25 15:55:19 INFO relay1_on
2017-02-25 15:56:19 INFO relay1_on
2017-02-25 15:57:19 INFO relay1_on
2017-02-25 15:58:20 INFO relay1_on
