2016-07-20T12:38:43, INFO, ***start program
2016-07-20T12:38:43, INFO, testing = True
2016-07-20T12:38:43, INFO, ok, 26.00, 78.80
2016-07-20T12:48:43, INFO, ok, 26.00, 78.80
2016-07-21T14:22:41, INFO, ***start program
2016-07-21T14:22:41, INFO, testing = False
2016-07-21T14:22:42, INFO, ok, 25.88, 78.58
2016-07-21T14:32:51, INFO, ok, 25.94, 78.69
2016-07-21T14:43:04, INFO, ok, 25.88, 78.58
2016-07-21T14:53:07, INFO, ok, 25.88, 78.58
2016-07-21T15:03:10, INFO, ok, 25.81, 78.46
2016-07-21T15:13:12, INFO, ok, 25.88, 78.58
2016-07-21T15:23:15, INFO, ok, 25.81, 78.46
2016-07-21T15:33:19, INFO, ok, 25.88, 78.58
2016-07-21T15:43:23, INFO, ok, 25.88, 78.58
2016-07-21T15:53:27, INFO, ok, 25.88, 78.58
2016-07-21T16:02:59, INFO, ***start program
2016-07-21T16:02:59, INFO, testing = False
2016-07-21T16:02:59, INFO, ok, 25.81, 78.46
2016-07-21T16:03:30, INFO, ok, 25.88, 78.58
2016-07-21T16:07:36, INFO, ***start program
2016-07-21T16:07:36, INFO, testing = False
2016-07-21T16:07:36, INFO, ok, 25.88, 78.58
2016-07-21T16:18:05, INFO, ok, 25.81, 78.46
2016-07-21T16:28:12, INFO, ok, 25.81, 78.46
2016-07-21T16:38:16, INFO, ok, 25.75, 78.35
2016-07-21T16:48:20, INFO, ok, 25.81, 78.46
2016-07-21T16:58:26, INFO, ok, 25.88, 78.58
2016-07-21T17:08:30, INFO, ok, 25.81, 78.46
2016-07-21T17:18:34, INFO, ok, 25.88, 78.58
2016-07-21T17:28:38, INFO, ok, 25.81, 78.46
2016-07-21T17:38:41, INFO, ok, 25.81, 78.46
2016-07-21T17:48:44, INFO, ok, 25.88, 78.58
2016-07-21T17:58:48, INFO, ok, 25.88, 78.58
2016-07-21T18:08:53, INFO, ok, 25.94, 78.69
2016-07-21T18:18:56, INFO, ok, 25.88, 78.58
2016-07-21T18:29:00, INFO, ok, 25.88, 78.58
2016-07-21T18:39:04, INFO, ok, 25.88, 78.58
2016-07-21T18:49:07, INFO, ok, 25.81, 78.46
2016-07-21T18:59:12, INFO, ok, 25.88, 78.58
2016-07-21T19:09:16, INFO, ok, 25.81, 78.46
2016-07-21T19:19:20, INFO, ok, 25.88, 78.58
2016-07-21T19:29:23, INFO, ok, 25.88, 78.58
2016-07-21T19:39:28, INFO, ok, 25.88, 78.58
2016-07-21T19:49:33, INFO, ok, 25.81, 78.46
2016-07-21T19:59:38, INFO, ok, 25.81, 78.46
2016-07-21T20:09:42, INFO, ok, 25.88, 78.58
2016-07-21T20:19:47, INFO, ok, 25.88, 78.58
2016-07-21T20:29:51, INFO, ok, 25.81, 78.46
2016-07-21T20:39:55, INFO, ok, 25.88, 78.58
2016-07-21T20:49:59, INFO, ok, 25.88, 78.58
2016-07-21T21:00:03, INFO, ok, 25.88, 78.58
2016-07-21T21:10:07, INFO, ok, 25.88, 78.58
2016-07-21T21:20:11, INFO, ok, 25.94, 78.69
2016-07-21T21:30:16, INFO, ok, 25.88, 78.58
2016-07-21T21:40:20, INFO, ok, 25.88, 78.58
2016-07-21T21:50:24, INFO, ok, 25.81, 78.46
2016-07-21T22:00:27, INFO, ok, 25.88, 78.58
2016-07-21T22:10:31, INFO, ok, 25.81, 78.46
2016-07-21T22:20:36, INFO, ok, 25.88, 78.58
2016-07-21T22:30:40, INFO, ok, 25.81, 78.46
2016-07-21T22:40:46, INFO, ok, 25.88, 78.58
2016-07-21T22:50:49, INFO, ok, 25.81, 78.46
2016-07-21T23:00:54, INFO, ok, 25.88, 78.58
2016-07-21T23:10:58, INFO, ok, 25.81, 78.46
2016-07-21T23:21:02, INFO, ok, 25.81, 78.46
2016-07-21T23:31:07, INFO, ok, 25.81, 78.46
2016-07-21T23:41:12, INFO, ok, 25.75, 78.35
2016-07-21T23:51:16, INFO, ok, 25.81, 78.46
2016-07-22T00:01:20, INFO, ok, 25.75, 78.35
2016-07-22T00:11:23, INFO, ok, 25.81, 78.46
2016-07-22T00:21:27, INFO, ok, 25.81, 78.46
2016-07-22T00:31:31, INFO, ok, 25.81, 78.46
2016-07-22T00:41:34, INFO, ok, 25.81, 78.46
2016-07-22T00:51:38, INFO, ok, 25.88, 78.58
2016-07-22T01:01:41, INFO, ok, 25.81, 78.46
2016-07-22T01:11:47, INFO, ok, 25.88, 78.58
2016-07-22T01:21:50, INFO, ok, 25.81, 78.46
2016-07-22T01:31:53, INFO, ok, 25.88, 78.58
2016-07-22T01:41:59, INFO, ok, 25.81, 78.46
2016-07-22T01:52:02, INFO, ok, 25.88, 78.58
2016-07-22T02:02:07, INFO, ok, 25.81, 78.46
2016-07-22T02:12:12, INFO, ok, 25.81, 78.46
2016-07-22T02:22:15, INFO, ok, 25.88, 78.58
2016-07-22T02:32:19, INFO, ok, 25.81, 78.46
2016-07-22T02:42:23, INFO, ok, 25.88, 78.58
2016-07-22T02:52:29, INFO, ok, 25.88, 78.58
2016-07-22T03:02:34, INFO, ok, 25.88, 78.58
2016-07-22T03:12:40, INFO, ok, 25.81, 78.46
2016-07-22T03:22:46, INFO, ok, 25.88, 78.58
2016-07-22T03:32:50, INFO, ok, 25.81, 78.46
2016-07-22T03:42:56, INFO, ok, 25.88, 78.58
2016-07-22T03:53:00, INFO, ok, 25.81, 78.46
2016-07-22T04:03:04, INFO, ok, 25.81, 78.46
2016-07-22T04:13:08, INFO, ok, 25.88, 78.58
2016-07-22T04:23:13, INFO, ok, 25.81, 78.46
2016-07-22T04:33:18, INFO, ok, 25.88, 78.58
2016-07-22T04:43:22, INFO, ok, 25.88, 78.58
2016-07-22T04:53:26, INFO, ok, 25.88, 78.58
2016-07-22T05:03:30, INFO, ok, 25.88, 78.58
2016-07-22T05:13:34, INFO, ok, 25.81, 78.46
2016-07-22T05:23:38, INFO, ok, 25.88, 78.58
2016-07-22T05:33:42, INFO, ok, 25.88, 78.58
2016-07-22T05:43:46, INFO, ok, 25.88, 78.58
2016-07-22T05:53:51, INFO, ok, 25.88, 78.58
2016-07-22T06:03:56, INFO, ok, 25.94, 78.69
2016-07-22T06:14:00, INFO, ok, 25.88, 78.58
2016-07-22T06:24:06, INFO, ok, 25.94, 78.69
2016-07-22T06:34:11, INFO, ok, 25.94, 78.69
2016-07-22T06:44:17, INFO, ok, 25.94, 78.69
2016-07-22T06:54:21, INFO, ok, 26.00, 78.80
2016-07-22T07:04:26, INFO, ok, 25.94, 78.69
2016-07-22T07:14:31, INFO, ok, 26.00, 78.80
2016-07-22T07:24:35, INFO, ok, 25.94, 78.69
2016-07-22T07:34:40, INFO, ok, 25.88, 78.58
2016-07-22T07:44:46, INFO, ok, 25.88, 78.58
2016-07-22T07:54:50, INFO, ok, 25.88, 78.58
2016-07-22T08:04:55, INFO, ok, 25.94, 78.69
2016-07-22T08:15:00, INFO, ok, 26.00, 78.80
2016-07-22T08:25:05, INFO, ok, 25.94, 78.69
2016-07-22T08:35:11, INFO, ok, 25.88, 78.58
2016-07-22T08:45:17, INFO, ok, 25.88, 78.58
2016-07-22T08:55:23, INFO, ok, 25.88, 78.58
2016-07-22T09:05:28, INFO, ok, 25.94, 78.69
2016-07-22T09:15:34, INFO, ok, 25.88, 78.58
2016-07-22T09:25:39, INFO, ok, 25.94, 78.69
2016-07-22T09:35:45, INFO, ok, 25.88, 78.58
2016-07-22T09:45:50, INFO, ok, 25.94, 78.69
2016-07-22T09:55:55, INFO, ok, 25.94, 78.69
2016-07-22T10:06:00, INFO, ok, 25.94, 78.69
2016-07-22T10:16:05, INFO, ok, 25.94, 78.69
2016-07-22T10:26:09, INFO, ok, 25.94, 78.69
2016-07-22T10:36:15, INFO, ok, 25.94, 78.69
2016-07-22T10:46:21, INFO, ok, 26.00, 78.80
2016-07-22T10:56:25, INFO, ok, 25.94, 78.69
2016-07-22T11:06:29, INFO, ok, 26.00, 78.80
2016-07-22T11:16:34, INFO, ok, 25.94, 78.69
2016-07-22T11:26:39, INFO, ok, 25.94, 78.69
2016-07-22T11:36:44, INFO, ok, 25.94, 78.69
2016-07-22T11:46:49, INFO, ok, 25.94, 78.69
2016-07-22T11:56:54, INFO, ok, 25.94, 78.69
2016-07-22T12:06:59, INFO, ok, 25.94, 78.69
2016-07-22T12:17:05, INFO, ok, 26.00, 78.80
2016-07-22T12:27:11, INFO, ok, 25.94, 78.69
2016-07-22T12:37:15, INFO, ok, 26.00, 78.80
2016-07-22T12:47:21, INFO, ok, 26.00, 78.80
2016-07-22T12:57:25, INFO, ok, 25.94, 78.69
2016-07-22T13:07:30, INFO, ok, 25.88, 78.58
2016-07-22T13:17:36, INFO, ok, 25.94, 78.69
2016-07-22T13:27:40, INFO, ok, 25.88, 78.58
2016-07-22T13:37:45, INFO, ok, 25.94, 78.69
2016-07-22T13:47:51, INFO, ok, 25.94, 78.69
2016-07-22T13:57:57, INFO, ok, 25.94, 78.69
2016-07-22T14:08:03, INFO, ok, 25.88, 78.58
2016-07-22T14:18:08, INFO, ok, 25.94, 78.69
2016-07-22T14:28:12, INFO, ok, 25.94, 78.69
2016-07-22T14:38:17, INFO, ok, 25.94, 78.69
2016-07-22T14:48:21, INFO, ok, 25.94, 78.69
2016-07-22T14:58:27, INFO, ok, 25.88, 78.58
2016-07-22T15:08:33, INFO, ok, 25.94, 78.69
2016-07-22T15:18:38, INFO, ok, 26.00, 78.80
2016-07-22T15:28:45, INFO, ok, 25.94, 78.69
2016-07-22T15:38:50, INFO, ok, 26.00, 78.80
2016-07-22T15:48:56, INFO, ok, 26.00, 78.80
2016-07-22T15:59:01, INFO, ok, 25.94, 78.69
2016-07-22T16:08:05, INFO, ok, 26.00, 78.80
2016-07-22T16:09:06, INFO, ok, 26.00, 78.80
2016-07-22T16:19:11, INFO, ok, 25.94, 78.69
2016-07-22T16:29:19, INFO, ok, 26.00, 78.80
2016-07-22T16:39:25, INFO, ok, 25.94, 78.69
2016-07-22T16:49:31, INFO, ok, 26.00, 78.80
2016-07-22T16:59:36, INFO, ok, 25.94, 78.69
2016-07-22T17:09:43, INFO, ok, 25.94, 78.69
2016-07-22T17:19:47, INFO, ok, 26.00, 78.80
2016-07-22T17:29:52, INFO, ok, 25.94, 78.69
2016-07-22T17:39:58, INFO, ok, 25.94, 78.69
2016-07-22T17:50:05, INFO, ok, 26.00, 78.80
2016-07-22T18:00:10, INFO, ok, 25.94, 78.69
2016-07-22T18:10:15, INFO, ok, 26.00, 78.80
2016-07-22T18:20:20, INFO, ok, 25.94, 78.69
2016-07-22T18:30:26, INFO, ok, 25.94, 78.69
2016-07-22T18:40:33, INFO, ok, 25.88, 78.58
2016-07-22T18:50:40, INFO, ok, 25.94, 78.69
2016-07-22T19:00:46, INFO, ok, 26.00, 78.80
2016-07-22T19:10:52, INFO, ok, 25.94, 78.69
2016-07-22T19:20:57, INFO, ok, 25.94, 78.69
2016-07-22T19:31:02, INFO, ok, 25.94, 78.69
2016-07-22T19:41:07, INFO, ok, 26.00, 78.80
2016-07-22T19:51:12, INFO, ok, 25.94, 78.69
2016-07-22T20:01:19, INFO, ok, 25.94, 78.69
2016-07-22T20:11:26, INFO, ok, 26.00, 78.80
2016-07-22T20:21:32, INFO, ok, 25.94, 78.69
2016-07-22T20:31:39, INFO, ok, 26.00, 78.80
2016-07-22T20:41:47, INFO, ok, 25.94, 78.69
2016-07-22T20:51:52, INFO, ok, 25.88, 78.58
2016-07-22T21:01:58, INFO, ok, 25.88, 78.58
2016-07-22T21:12:05, INFO, ok, 25.88, 78.58
2016-07-22T21:22:12, INFO, ok, 25.88, 78.58
2016-07-22T21:32:17, INFO, ok, 25.88, 78.58
2016-07-22T21:42:23, INFO, ok, 25.88, 78.58
2016-07-22T21:52:29, INFO, ok, 25.88, 78.58
2016-07-22T22:02:36, INFO, ok, 25.88, 78.58
2016-07-22T22:12:42, INFO, ok, 25.88, 78.58
2016-07-22T22:22:47, INFO, ok, 25.81, 78.46
2016-07-22T22:32:53, INFO, ok, 25.81, 78.46
2016-07-22T22:42:59, INFO, ok, 25.81, 78.46
2016-07-22T22:53:04, INFO, ok, 25.88, 78.58
2016-07-22T23:03:09, INFO, ok, 25.81, 78.46
2016-07-22T23:13:14, INFO, ok, 25.81, 78.46
2016-07-22T23:23:21, INFO, ok, 25.75, 78.35
2016-07-22T23:33:26, INFO, ok, 25.81, 78.46
2016-07-22T23:43:32, INFO, ok, 25.88, 78.58
2016-07-22T23:53:39, INFO, ok, 25.81, 78.46
2016-07-23T00:03:44, INFO, ok, 25.88, 78.58
2016-07-23T00:13:49, INFO, ok, 25.81, 78.46
2016-07-23T00:23:55, INFO, ok, 25.88, 78.58
2016-07-23T00:34:00, INFO, ok, 25.81, 78.46
2016-07-23T00:44:05, INFO, ok, 25.81, 78.46
2016-07-23T00:54:11, INFO, ok, 25.81, 78.46
2016-07-23T01:04:16, INFO, ok, 25.75, 78.35
2016-07-23T01:14:21, INFO, ok, 25.81, 78.46
2016-07-23T01:24:29, INFO, ok, 25.88, 78.58
2016-07-23T01:34:35, INFO, ok, 25.81, 78.46
2016-07-23T01:44:41, INFO, ok, 25.88, 78.58
2016-07-23T01:54:48, INFO, ok, 25.88, 78.58
2016-07-23T02:04:53, INFO, ok, 25.81, 78.46
2016-07-23T02:14:58, INFO, ok, 25.88, 78.58
2016-07-23T02:25:04, INFO, ok, 25.81, 78.46
2016-07-23T02:35:09, INFO, ok, 25.88, 78.58
2016-07-23T02:45:15, INFO, ok, 25.81, 78.46
2016-07-23T02:55:21, INFO, ok, 25.81, 78.46
2016-07-23T03:05:26, INFO, ok, 25.81, 78.46
2016-07-23T03:15:31, INFO, ok, 25.75, 78.35
2016-07-23T03:25:38, INFO, ok, 25.81, 78.46
2016-07-23T03:35:43, INFO, ok, 25.88, 78.58
2016-07-23T03:45:50, INFO, ok, 25.81, 78.46
2016-07-23T03:55:56, INFO, ok, 25.88, 78.58
2016-07-23T04:06:02, INFO, ok, 25.88, 78.58
2016-07-23T04:16:09, INFO, ok, 25.88, 78.58
2016-07-23T04:26:15, INFO, ok, 25.88, 78.58
2016-07-23T04:36:22, INFO, ok, 25.81, 78.46
2016-07-23T04:46:28, INFO, ok, 25.88, 78.58
2016-07-23T04:56:36, INFO, ok, 25.94, 78.69
2016-07-23T05:06:43, INFO, ok, 25.88, 78.58
2016-07-23T05:16:50, INFO, ok, 25.94, 78.69
2016-07-23T05:26:55, INFO, ok, 25.88, 78.58
2016-07-23T05:37:02, INFO, ok, 25.88, 78.58
2016-07-23T05:47:09, INFO, ok, 25.94, 78.69
2016-07-23T05:57:16, INFO, ok, 25.94, 78.69
2016-07-23T06:07:22, INFO, ok, 25.94, 78.69
2016-07-23T06:17:30, INFO, ok, 25.94, 78.69
2016-07-23T06:27:38, INFO, ok, 25.88, 78.58
2016-07-23T06:37:44, INFO, ok, 25.94, 78.69
2016-07-23T06:47:50, INFO, ok, 25.88, 78.58
2016-07-23T06:57:57, INFO, ok, 25.88, 78.58
2016-07-23T07:08:04, INFO, ok, 25.88, 78.58
2016-07-23T07:18:10, INFO, ok, 25.94, 78.69
2016-07-23T07:28:19, INFO, ok, 25.88, 78.58
2016-07-23T07:38:27, INFO, ok, 25.88, 78.58
2016-07-23T07:48:34, INFO, ok, 25.88, 78.58
2016-07-23T07:58:40, INFO, ok, 25.56, 78.01
2016-07-23T08:08:47, INFO, ok, 25.44, 77.79
2016-07-23T08:18:56, INFO, ok, 25.62, 78.12
2016-07-23T08:29:04, INFO, ok, 25.69, 78.24
2016-07-23T08:39:10, INFO, ok, 25.81, 78.46
2016-07-23T08:49:17, INFO, ok, 25.81, 78.46
2016-07-23T08:59:23, INFO, ok, 25.56, 78.01
2016-07-23T09:09:30, INFO, ok, 25.69, 78.24
2016-07-23T09:19:38, INFO, ok, 25.81, 78.46
2016-07-23T09:29:44, INFO, ok, 25.94, 78.69
2016-07-23T09:39:51, INFO, ok, 26.00, 78.80
2016-07-23T09:49:58, INFO, ok, 25.94, 78.69
2016-07-23T10:00:06, INFO, ok, 26.00, 78.80
2016-07-23T10:10:13, INFO, ok, 26.00, 78.80
2016-07-23T10:20:20, INFO, ok, 26.06, 78.91
2016-07-23T10:30:27, INFO, ok, 26.00, 78.80
2016-07-23T10:40:35, INFO, ok, 26.00, 78.80
2016-07-23T10:50:43, INFO, ok, 26.00, 78.80
2016-07-23T11:00:49, INFO, ok, 26.00, 78.80
2016-07-23T11:10:55, INFO, ok, 26.06, 78.91
2016-07-23T11:21:02, INFO, ok, 26.00, 78.80
2016-07-23T11:31:09, INFO, ok, 26.06, 78.91
2016-07-23T11:41:16, INFO, ok, 26.00, 78.80
2016-07-23T11:51:23, INFO, ok, 26.00, 78.80
2016-07-23T12:01:30, INFO, ok, 26.00, 78.80
2016-07-23T12:11:38, INFO, ok, 25.94, 78.69
2016-07-23T12:21:45, INFO, ok, 26.00, 78.80
2016-07-23T12:31:54, INFO, ok, 25.94, 78.69
2016-07-23T12:42:01, INFO, ok, 25.94, 78.69
2016-07-23T12:52:08, INFO, ok, 26.00, 78.80
2016-07-23T13:02:16, INFO, ok, 26.00, 78.80
2016-07-23T13:12:22, INFO, ok, 26.00, 78.80
2016-07-23T13:22:29, INFO, ok, 25.94, 78.69
2016-07-23T13:32:37, INFO, ok, 26.00, 78.80
2016-07-23T13:42:46, INFO, ok, 25.81, 78.46
2016-07-23T13:52:54, INFO, ok, 25.88, 78.58
2016-07-23T14:03:01, INFO, ok, 25.94, 78.69
2016-07-23T14:13:09, INFO, ok, 25.94, 78.69
2016-07-23T14:23:15, INFO, ok, 26.00, 78.80
2016-07-23T14:33:23, INFO, ok, 26.00, 78.80
2016-07-23T14:43:30, INFO, ok, 26.00, 78.80
2016-07-23T14:53:37, INFO, ok, 26.00, 78.80
2016-07-23T15:03:44, INFO, ok, 26.00, 78.80
2016-07-23T15:13:51, INFO, ok, 26.00, 78.80
2016-07-23T15:23:58, INFO, ok, 25.94, 78.69
2016-07-23T15:34:08, INFO, ok, 26.00, 78.80
2016-07-23T15:44:16, INFO, ok, 26.00, 78.80
2016-07-23T15:54:24, INFO, ok, 26.00, 78.80
2016-07-23T16:04:31, INFO, ok, 26.00, 78.80
2016-07-23T16:08:36, INFO, ok, 26.00, 78.80
2016-07-23T16:14:38, INFO, ok, 26.00, 78.80
2016-07-23T16:24:46, INFO, ok, 26.00, 78.80
2016-07-23T16:34:53, INFO, ok, 26.00, 78.80
2016-07-23T16:45:00, INFO, ok, 26.00, 78.80
2016-07-23T16:55:09, INFO, ok, 26.00, 78.80
2016-07-23T17:05:17, INFO, ok, 26.06, 78.91
2016-07-23T17:15:24, INFO, ok, 26.00, 78.80
2016-07-23T17:25:32, INFO, ok, 25.94, 78.69
2016-07-23T17:35:40, INFO, ok, 26.00, 78.80
2016-07-23T17:45:47, INFO, ok, 25.94, 78.69
2016-07-23T17:55:56, INFO, ok, 26.00, 78.80
2016-07-23T18:06:04, INFO, ok, 25.94, 78.69
2016-07-23T18:16:11, INFO, ok, 26.00, 78.80
2016-07-23T18:26:19, INFO, ok, 25.94, 78.69
2016-07-23T18:36:27, INFO, ok, 26.00, 78.80
2016-07-23T18:46:34, INFO, ok, 25.94, 78.69
2016-07-23T18:56:41, INFO, ok, 26.00, 78.80
2016-07-23T19:06:50, INFO, ok, 25.94, 78.69
2016-07-23T19:16:57, INFO, ok, 26.00, 78.80
2016-07-23T19:27:05, INFO, ok, 25.94, 78.69
2016-07-23T19:37:13, INFO, ok, 26.00, 78.80
2016-07-23T19:47:21, INFO, ok, 25.94, 78.69
2016-07-23T19:57:28, INFO, ok, 26.00, 78.80
2016-07-23T20:07:35, INFO, ok, 25.94, 78.69
2016-07-23T20:17:42, INFO, ok, 26.00, 78.80
2016-07-23T20:27:48, INFO, ok, 25.94, 78.69
2016-07-23T20:37:55, INFO, ok, 26.00, 78.80
2016-07-23T20:48:01, INFO, ok, 26.00, 78.80
2016-07-23T20:58:09, INFO, ok, 25.94, 78.69
2016-07-23T21:08:17, INFO, ok, 26.06, 78.91
2016-07-23T21:18:24, INFO, ok, 26.00, 78.80
2016-07-23T21:28:32, INFO, ok, 26.00, 78.80
2016-07-23T21:38:39, INFO, ok, 26.00, 78.80
2016-07-23T21:48:47, INFO, ok, 26.00, 78.80
2016-07-23T21:58:54, INFO, ok, 25.94, 78.69
2016-07-23T22:09:01, INFO, ok, 25.88, 78.58
2016-07-23T22:19:08, INFO, ok, 25.88, 78.58
2016-07-23T22:29:15, INFO, ok, 25.94, 78.69
2016-07-23T22:39:24, INFO, ok, 25.88, 78.58
2016-07-23T22:49:31, INFO, ok, 25.94, 78.69
2016-07-23T22:59:38, INFO, ok, 25.88, 78.58
2016-07-23T23:09:45, INFO, ok, 25.94, 78.69
2016-07-23T23:19:51, INFO, ok, 25.88, 78.58
2016-07-23T23:29:59, INFO, ok, 25.81, 78.46
2016-07-23T23:40:07, INFO, ok, 25.94, 78.69
2016-07-23T23:50:13, INFO, ok, 25.88, 78.58
2016-07-24T00:00:21, INFO, ok, 25.88, 78.58
2016-07-24T00:10:28, INFO, ok, 25.88, 78.58
2016-07-24T00:20:37, INFO, ok, 25.81, 78.46
2016-07-24T00:30:43, INFO, ok, 25.88, 78.58
2016-07-24T00:40:50, INFO, ok, 25.88, 78.58
2016-07-24T00:50:57, INFO, ok, 25.88, 78.58
2016-07-24T01:01:04, INFO, ok, 25.88, 78.58
2016-07-24T01:11:11, INFO, ok, 25.94, 78.69
2016-07-24T01:21:19, INFO, ok, 25.88, 78.58
2016-07-24T01:31:26, INFO, ok, 25.88, 78.58
2016-07-24T01:41:33, INFO, ok, 25.88, 78.58
2016-07-24T01:51:40, INFO, ok, 25.88, 78.58
2016-07-24T02:01:49, INFO, ok, 25.88, 78.58
2016-07-24T02:11:56, INFO, ok, 25.88, 78.58
2016-07-24T02:22:05, INFO, ok, 25.88, 78.58
2016-07-24T02:32:13, INFO, ok, 25.88, 78.58
2016-07-24T02:42:20, INFO, ok, 25.88, 78.58
2016-07-24T02:52:28, INFO, ok, 25.88, 78.58
2016-07-24T03:02:36, INFO, ok, 25.88, 78.58
2016-07-24T03:12:44, INFO, ok, 25.94, 78.69
2016-07-24T03:22:51, INFO, ok, 25.88, 78.58
2016-07-24T03:32:59, INFO, ok, 25.88, 78.58
2016-07-24T03:43:06, INFO, ok, 25.94, 78.69
2016-07-24T03:53:13, INFO, ok, 25.88, 78.58
2016-07-24T04:03:20, INFO, ok, 25.94, 78.69
2016-07-24T04:13:28, INFO, ok, 25.88, 78.58
2016-07-24T04:23:35, INFO, ok, 25.94, 78.69
2016-07-24T04:33:43, INFO, ok, 25.88, 78.58
2016-07-24T04:43:50, INFO, ok, 25.94, 78.69
2016-07-24T04:53:57, INFO, ok, 25.94, 78.69
2016-07-24T05:04:04, INFO, ok, 25.94, 78.69
2016-07-24T05:14:11, INFO, ok, 25.94, 78.69
2016-07-24T05:24:20, INFO, ok, 25.94, 78.69
2016-07-24T05:34:28, INFO, ok, 25.88, 78.58
2016-07-24T05:44:36, INFO, ok, 25.94, 78.69
2016-07-24T05:54:43, INFO, ok, 25.88, 78.58
2016-07-24T06:04:50, INFO, ok, 25.94, 78.69
2016-07-24T06:15:00, INFO, ok, 25.88, 78.58
2016-07-24T06:25:07, INFO, ok, 25.88, 78.58
2016-07-24T06:35:19, INFO, ok, 25.88, 78.58
2016-07-24T06:45:29, INFO, ok, 25.81, 78.46
2016-07-24T06:55:37, INFO, ok, 25.88, 78.58
2016-07-24T07:05:45, INFO, ok, 25.81, 78.46
2016-07-24T07:15:53, INFO, ok, 25.88, 78.58
2016-07-24T07:26:01, INFO, ok, 25.88, 78.58
2016-07-24T07:36:10, INFO, ok, 25.81, 78.46
2016-07-24T07:46:19, INFO, ok, 25.88, 78.58
2016-07-24T07:56:26, INFO, ok, 25.81, 78.46
2016-07-24T08:06:35, INFO, ok, 25.94, 78.69
2016-07-24T08:16:42, INFO, ok, 25.94, 78.69
2016-07-24T08:26:50, INFO, ok, 25.88, 78.58
2016-07-24T08:36:58, INFO, ok, 25.81, 78.46
2016-07-24T08:47:06, INFO, ok, 25.94, 78.69
2016-07-24T08:57:13, INFO, ok, 25.88, 78.58
2016-07-24T09:07:22, INFO, ok, 25.94, 78.69
2016-07-24T09:17:29, INFO, ok, 25.88, 78.58
2016-07-24T09:27:37, INFO, ok, 25.88, 78.58
2016-07-24T09:37:45, INFO, ok, 25.88, 78.58
2016-07-24T09:47:53, INFO, ok, 25.88, 78.58
2016-07-24T09:58:01, INFO, ok, 25.56, 78.01
2016-07-24T10:08:09, INFO, ok, 25.69, 78.24
2016-07-24T10:18:17, INFO, ok, 25.75, 78.35
2016-07-24T10:28:25, INFO, ok, 25.81, 78.46
2016-07-24T10:38:34, INFO, ok, 25.88, 78.58
2016-07-24T10:48:41, INFO, ok, 25.94, 78.69
2016-07-24T10:58:51, INFO, ok, 25.94, 78.69
2016-07-24T11:09:00, INFO, ok, 25.94, 78.69
2016-07-24T11:19:09, INFO, ok, 25.94, 78.69
2016-07-24T11:29:17, INFO, ok, 26.00, 78.80
2016-07-24T11:39:25, INFO, ok, 25.94, 78.69
2016-07-24T11:49:34, INFO, ok, 26.00, 78.80
2016-07-24T11:59:42, INFO, ok, 25.94, 78.69
2016-07-24T12:09:50, INFO, ok, 25.94, 78.69
2016-07-24T12:19:59, INFO, ok, 25.94, 78.69
2016-07-24T12:30:07, INFO, ok, 25.94, 78.69
2016-07-24T12:40:15, INFO, ok, 25.88, 78.58
2016-07-24T12:50:24, INFO, ok, 25.94, 78.69
2016-07-24T13:00:33, INFO, ok, 25.88, 78.58
2016-07-24T13:10:41, INFO, ok, 25.88, 78.58
2016-07-24T13:20:50, INFO, ok, 25.94, 78.69
2016-07-24T13:30:58, INFO, ok, 25.88, 78.58
2016-07-24T13:41:06, INFO, ok, 25.94, 78.69
2016-07-24T13:51:14, INFO, ok, 25.88, 78.58
2016-07-24T14:01:23, INFO, ok, 25.94, 78.69
2016-07-24T14:11:32, INFO, ok, 25.88, 78.58
2016-07-24T14:21:40, INFO, ok, 25.88, 78.58
2016-07-24T14:31:48, INFO, ok, 25.88, 78.58
2016-07-24T14:41:56, INFO, ok, 25.88, 78.58
2016-07-24T14:52:04, INFO, ok, 25.88, 78.58
2016-07-24T15:02:12, INFO, ok, 25.94, 78.69
2016-07-24T15:12:20, INFO, ok, 25.88, 78.58
2016-07-24T15:22:29, INFO, ok, 25.94, 78.69
2016-07-24T15:32:39, INFO, ok, 25.88, 78.58
2016-07-24T15:42:48, INFO, ok, 25.94, 78.69
2016-07-24T15:52:56, INFO, ok, 25.88, 78.58
2016-07-24T16:03:05, INFO, ok, 25.88, 78.58
2016-07-24T16:09:13, INFO, ok, 25.88, 78.58
2016-07-24T16:13:14, INFO, ok, 25.94, 78.69
2016-07-24T16:23:24, INFO, ok, 25.88, 78.58
2016-07-24T16:33:33, INFO, ok, 25.88, 78.58
2016-07-24T16:43:42, INFO, ok, 25.94, 78.69
2016-07-24T16:53:52, INFO, ok, 25.94, 78.69
2016-07-24T17:04:01, INFO, ok, 25.94, 78.69
2016-07-24T17:14:09, INFO, ok, 25.94, 78.69
2016-07-24T17:24:19, INFO, ok, 26.00, 78.80
2016-07-24T17:34:29, INFO, ok, 25.94, 78.69
2016-07-24T17:44:38, INFO, ok, 25.94, 78.69
2016-07-24T17:54:47, INFO, ok, 26.00, 78.80
2016-07-24T18:04:55, INFO, ok, 25.94, 78.69
2016-07-24T18:15:04, INFO, ok, 26.00, 78.80
2016-07-24T18:25:12, INFO, ok, 25.94, 78.69
2016-07-24T18:35:21, INFO, ok, 25.94, 78.69
2016-07-24T18:45:30, INFO, ok, 25.94, 78.69
2016-07-24T18:55:39, INFO, ok, 25.94, 78.69
2016-07-24T19:05:47, INFO, ok, 26.00, 78.80
2016-07-24T19:15:56, INFO, ok, 25.94, 78.69
2016-07-24T19:26:05, INFO, ok, 25.94, 78.69
2016-07-24T19:36:14, INFO, ok, 25.88, 78.58
2016-07-24T19:46:22, INFO, ok, 25.94, 78.69
2016-07-24T19:56:32, INFO, ok, 25.94, 78.69
2016-07-24T20:06:41, INFO, ok, 25.88, 78.58
2016-07-24T20:16:50, INFO, ok, 25.94, 78.69
2016-07-24T20:26:59, INFO, ok, 25.88, 78.58
2016-07-24T20:37:09, INFO, ok, 25.88, 78.58
2016-07-24T20:47:18, INFO, ok, 25.94, 78.69
2016-07-24T20:57:27, INFO, ok, 25.88, 78.58
2016-07-24T21:07:35, INFO, ok, 25.94, 78.69
2016-07-24T21:17:46, INFO, ok, 25.88, 78.58
2016-07-24T21:27:55, INFO, ok, 25.81, 78.46
2016-07-24T21:38:04, INFO, ok, 25.81, 78.46
2016-07-24T21:48:15, INFO, ok, 25.88, 78.58
2016-07-24T21:58:25, INFO, ok, 25.81, 78.46
2016-07-24T22:08:34, INFO, ok, 25.88, 78.58
2016-07-24T22:18:43, INFO, ok, 25.81, 78.46
2016-07-24T22:28:52, INFO, ok, 25.88, 78.58
2016-07-24T22:39:02, INFO, ok, 25.81, 78.46
2016-07-24T22:49:11, INFO, ok, 25.88, 78.58
2016-07-24T22:59:20, INFO, ok, 25.88, 78.58
2016-07-24T23:09:30, INFO, ok, 25.81, 78.46
2016-07-24T23:19:39, INFO, ok, 25.81, 78.46
2016-07-24T23:29:50, INFO, ok, 25.81, 78.46
2016-07-24T23:40:00, INFO, ok, 25.75, 78.35
2016-07-24T23:50:09, INFO, ok, 25.88, 78.58
2016-07-25T00:00:19, INFO, ok, 25.81, 78.46
2016-07-25T00:10:29, INFO, ok, 25.75, 78.35
2016-07-25T00:20:38, INFO, ok, 25.81, 78.46
2016-07-25T00:30:47, INFO, ok, 25.81, 78.46
2016-07-25T00:40:57, INFO, ok, 25.81, 78.46
2016-07-25T00:51:07, INFO, ok, 25.81, 78.46
2016-07-25T01:01:17, INFO, ok, 25.88, 78.58
2016-07-25T01:11:26, INFO, ok, 25.81, 78.46
2016-07-25T01:21:36, INFO, ok, 25.88, 78.58
2016-07-25T01:31:46, INFO, ok, 25.81, 78.46
2016-07-25T01:41:55, INFO, ok, 25.88, 78.58
2016-07-25T01:52:05, INFO, ok, 25.81, 78.46
2016-07-25T02:02:14, INFO, ok, 25.88, 78.58
2016-07-25T02:12:24, INFO, ok, 25.81, 78.46
2016-07-25T02:22:33, INFO, ok, 25.88, 78.58
2016-07-25T02:32:44, INFO, ok, 25.88, 78.58
2016-07-25T02:42:55, INFO, ok, 25.88, 78.58
2016-07-25T02:53:05, INFO, ok, 25.81, 78.46
2016-07-25T03:03:15, INFO, ok, 25.81, 78.46
2016-07-25T03:13:25, INFO, ok, 25.88, 78.58
2016-07-25T03:23:35, INFO, ok, 25.81, 78.46
2016-07-25T03:33:45, INFO, ok, 25.88, 78.58
2016-07-25T03:43:54, INFO, ok, 25.81, 78.46
2016-07-25T03:54:04, INFO, ok, 25.88, 78.58
2016-07-25T04:04:14, INFO, ok, 25.81, 78.46
2016-07-25T04:14:24, INFO, ok, 25.88, 78.58
2016-07-25T04:24:35, INFO, ok, 25.88, 78.58
2016-07-25T04:34:45, INFO, ok, 25.81, 78.46
2016-07-25T04:44:56, INFO, ok, 25.88, 78.58
2016-07-25T04:55:07, INFO, ok, 25.81, 78.46
2016-07-25T05:05:17, INFO, ok, 25.88, 78.58
2016-07-25T05:15:26, INFO, ok, 25.81, 78.46
2016-07-25T05:25:38, INFO, ok, 25.88, 78.58
2016-07-25T05:35:48, INFO, ok, 25.81, 78.46
2016-07-25T05:45:59, INFO, ok, 25.88, 78.58
2016-07-25T05:56:08, INFO, ok, 25.88, 78.58
2016-07-25T06:06:19, INFO, ok, 25.88, 78.58
2016-07-25T06:16:29, INFO, ok, 25.81, 78.46
2016-07-25T06:26:39, INFO, ok, 25.88, 78.58
2016-07-25T06:36:49, INFO, ok, 25.88, 78.58
2016-07-25T06:47:01, INFO, ok, 25.81, 78.46
2016-07-25T06:57:11, INFO, ok, 25.88, 78.58
2016-07-25T07:07:21, INFO, ok, 25.81, 78.46
2016-07-25T07:17:31, INFO, ok, 25.81, 78.46
2016-07-25T07:27:42, INFO, ok, 25.81, 78.46
2016-07-25T07:37:53, INFO, ok, 25.81, 78.46
2016-07-25T07:48:05, INFO, ok, 25.88, 78.58
2016-07-25T07:58:16, INFO, ok, 25.81, 78.46
2016-07-25T08:08:27, INFO, ok, 25.88, 78.58
2016-07-25T08:18:38, INFO, ok, 25.81, 78.46
2016-07-25T08:28:49, INFO, ok, 25.88, 78.58
2016-07-25T08:38:59, INFO, ok, 25.88, 78.58
2016-07-25T08:49:10, INFO, ok, 25.81, 78.46
2016-07-25T08:59:21, INFO, ok, 25.88, 78.58
2016-07-25T09:09:32, INFO, ok, 25.88, 78.58
2016-07-25T09:19:42, INFO, ok, 25.88, 78.58
2016-07-25T09:29:55, INFO, ok, 25.88, 78.58
2016-07-25T09:40:07, INFO, ok, 25.88, 78.58
2016-07-25T09:50:18, INFO, ok, 25.88, 78.58
2016-07-25T09:51:28, INFO, ***start program
2016-07-25T09:51:28, INFO, testing = False
2016-07-25T09:51:28, INFO, ok, 25.88, 78.58
2016-07-25T10:02:07, INFO, ok, 25.88, 78.58
2016-07-25T10:12:14, INFO, ok, 25.88, 78.58
2016-07-25T10:22:18, INFO, ok, 25.94, 78.69
2016-07-25T10:32:22, INFO, ok, 25.88, 78.58
2016-07-25T10:42:27, INFO, ok, 25.88, 78.58
2016-07-25T10:52:33, INFO, ok, 25.81, 78.46
2016-07-25T11:02:39, INFO, ok, 25.88, 78.58
2016-07-25T11:12:45, INFO, ok, 25.81, 78.46
2016-07-25T11:22:50, INFO, ok, 25.88, 78.58
2016-07-25T11:32:55, INFO, ok, 25.88, 78.58
2016-07-25T11:43:00, INFO, ok, 25.81, 78.46
2016-07-25T11:53:04, INFO, ok, 25.88, 78.58
2016-07-25T12:03:10, INFO, ok, 25.88, 78.58
2016-07-25T12:13:14, INFO, ok, 25.88, 78.58
2016-07-25T12:23:20, INFO, ok, 25.88, 78.58
2016-07-25T12:33:25, INFO, ok, 25.88, 78.58
2016-07-25T12:43:31, INFO, ok, 25.88, 78.58
2016-07-25T12:53:36, INFO, ok, 25.88, 78.58
2016-07-25T13:03:40, INFO, ok, 25.94, 78.69
2016-07-25T13:13:44, INFO, ok, 25.88, 78.58
2016-07-25T13:23:49, INFO, ok, 25.94, 78.69
2016-07-25T13:33:53, INFO, ok, 25.88, 78.58
2016-07-25T13:43:58, INFO, ok, 25.94, 78.69
2016-07-25T13:54:02, INFO, ok, 25.94, 78.69
2016-07-25T14:04:06, INFO, ok, 25.94, 78.69
2016-07-25T14:14:11, INFO, ok, 25.88, 78.58
2016-07-25T14:24:15, INFO, ok, 25.94, 78.69
2016-07-25T14:34:20, INFO, ok, 25.88, 78.58
2016-07-25T14:44:25, INFO, ok, 25.94, 78.69
2016-07-25T14:54:31, INFO, ok, 25.88, 78.58
2016-07-25T15:04:36, INFO, ok, 25.88, 78.58
2016-07-25T15:14:40, INFO, ok, 25.94, 78.69
2016-07-25T15:24:45, INFO, ok, 25.94, 78.69
2016-07-25T15:34:50, INFO, ok, 25.94, 78.69
2016-07-25T15:44:58, INFO, ok, 25.94, 78.69
2016-07-25T15:55:04, INFO, ok, 25.88, 78.58
2016-07-25T16:05:08, INFO, ok, 25.88, 78.58
2016-07-25T16:15:15, INFO, ok, 25.94, 78.69
2016-07-25T16:25:23, INFO, ok, 25.88, 78.58
2016-07-25T16:35:27, INFO, ok, 25.94, 78.69
2016-07-25T16:45:34, INFO, ok, 25.88, 78.58
2016-07-25T16:55:40, INFO, ok, 25.94, 78.69
2016-07-25T17:05:45, INFO, ok, 25.94, 78.69
2016-07-25T17:15:50, INFO, ok, 25.94, 78.69
2016-07-25T17:25:55, INFO, ok, 25.94, 78.69
2016-07-25T17:36:03, INFO, ok, 25.88, 78.58
2016-07-25T17:46:07, INFO, ok, 25.88, 78.58
2016-07-25T17:56:12, INFO, ok, 25.94, 78.69
2016-07-25T18:06:18, INFO, ok, 26.00, 78.80
2016-07-25T18:16:22, INFO, ok, 25.94, 78.69
2016-07-25T18:26:29, INFO, ok, 26.00, 78.80
2016-07-25T18:36:33, INFO, ok, 25.94, 78.69
2016-07-25T18:46:41, INFO, ok, 25.94, 78.69
2016-07-25T18:56:46, INFO, ok, 25.94, 78.69
2016-07-25T19:06:53, INFO, ok, 25.94, 78.69
2016-07-25T19:16:57, INFO, ok, 25.94, 78.69
2016-07-25T19:27:04, INFO, ok, 25.94, 78.69
2016-07-25T19:37:10, INFO, ok, 26.00, 78.80
2016-07-25T19:47:16, INFO, ok, 25.94, 78.69
2016-07-25T19:57:24, INFO, ok, 26.00, 78.80
2016-07-25T20:07:28, INFO, ok, 25.94, 78.69
2016-07-25T20:17:33, INFO, ok, 26.00, 78.80
2016-07-25T20:27:39, INFO, ok, 25.94, 78.69
2016-07-25T20:37:44, INFO, ok, 25.88, 78.58
2016-07-25T20:47:48, INFO, ok, 25.94, 78.69
2016-07-25T20:57:53, INFO, ok, 25.88, 78.58
2016-07-25T21:07:57, INFO, ok, 25.94, 78.69
2016-07-25T21:18:02, INFO, ok, 25.94, 78.69
2016-07-25T21:28:06, INFO, ok, 25.94, 78.69
2016-07-25T21:38:11, INFO, ok, 25.88, 78.58
2016-07-25T21:48:17, INFO, ok, 25.88, 78.58
2016-07-25T21:58:21, INFO, ok, 25.88, 78.58
2016-07-25T22:08:26, INFO, ok, 25.88, 78.58
2016-07-25T22:18:31, INFO, ok, 25.81, 78.46
2016-07-25T22:28:36, INFO, ok, 25.88, 78.58
2016-07-25T22:38:42, INFO, ok, 25.81, 78.46
2016-07-25T22:48:48, INFO, ok, 25.81, 78.46
2016-07-25T22:58:53, INFO, ok, 25.81, 78.46
2016-07-25T23:08:58, INFO, ok, 25.88, 78.58
2016-07-25T23:19:04, INFO, ok, 25.81, 78.46
2016-07-25T23:29:09, INFO, ok, 25.81, 78.46
2016-07-25T23:39:14, INFO, ok, 25.88, 78.58
2016-07-25T23:49:18, INFO, ok, 25.81, 78.46
2016-07-25T23:59:24, INFO, ok, 25.75, 78.35
2016-07-26T00:09:28, INFO, ok, 25.81, 78.46
2016-07-26T00:19:33, INFO, ok, 25.75, 78.35
2016-07-26T00:29:38, INFO, ok, 25.81, 78.46
2016-07-26T00:39:44, INFO, ok, 25.81, 78.46
2016-07-26T00:49:50, INFO, ok, 25.75, 78.35
2016-07-26T00:59:54, INFO, ok, 25.81, 78.46
2016-07-26T01:10:01, INFO, ok, 25.75, 78.35
2016-07-26T01:20:06, INFO, ok, 25.75, 78.35
2016-07-26T01:30:14, INFO, ok, 25.75, 78.35
2016-07-26T01:40:18, INFO, ok, 25.75, 78.35
2016-07-26T01:50:24, INFO, ok, 25.81, 78.46
2016-07-26T02:00:29, INFO, ok, 25.81, 78.46
2016-07-26T02:10:33, INFO, ok, 25.81, 78.46
2016-07-26T02:20:39, INFO, ok, 25.75, 78.35
2016-07-26T02:30:44, INFO, ok, 25.81, 78.46
2016-07-26T02:40:49, INFO, ok, 25.75, 78.35
2016-07-26T02:50:54, INFO, ok, 25.81, 78.46
2016-07-26T03:00:59, INFO, ok, 25.81, 78.46
2016-07-26T03:11:04, INFO, ok, 25.75, 78.35
2016-07-26T03:21:10, INFO, ok, 25.81, 78.46
2016-07-26T03:31:15, INFO, ok, 25.75, 78.35
2016-07-26T03:41:20, INFO, ok, 25.81, 78.46
2016-07-26T03:51:25, INFO, ok, 25.75, 78.35
2016-07-26T04:01:31, INFO, ok, 25.81, 78.46
2016-07-26T04:11:37, INFO, ok, 25.75, 78.35
2016-07-26T04:21:43, INFO, ok, 25.81, 78.46
2016-07-26T04:31:49, INFO, ok, 25.81, 78.46
2016-07-26T04:41:54, INFO, ok, 25.81, 78.46
2016-07-26T04:52:00, INFO, ok, 25.75, 78.35
2016-07-26T05:02:07, INFO, ok, 25.81, 78.46
2016-07-26T05:12:12, INFO, ok, 25.81, 78.46
2016-07-26T05:22:20, INFO, ok, 25.81, 78.46
2016-07-26T05:32:26, INFO, ok, 25.81, 78.46
2016-07-26T05:42:31, INFO, ok, 25.81, 78.46
2016-07-26T05:52:37, INFO, ok, 25.88, 78.58
2016-07-26T06:02:43, INFO, ok, 25.88, 78.58
2016-07-26T06:12:49, INFO, ok, 25.88, 78.58
2016-07-26T06:22:56, INFO, ok, 25.81, 78.46
2016-07-26T06:33:02, INFO, ok, 25.88, 78.58
2016-07-26T06:43:07, INFO, ok, 25.88, 78.58
2016-07-26T06:53:13, INFO, ok, 25.88, 78.58
2016-07-26T07:03:20, INFO, ok, 25.88, 78.58
2016-07-26T07:13:25, INFO, ok, 25.88, 78.58
2016-07-26T07:23:32, INFO, ok, 25.88, 78.58
2016-07-26T07:33:37, INFO, ok, 25.81, 78.46
2016-07-26T07:43:42, INFO, ok, 25.81, 78.46
2016-07-26T07:53:48, INFO, ok, 25.81, 78.46
2016-07-26T08:03:54, INFO, ok, 25.81, 78.46
2016-07-26T08:14:01, INFO, ok, 25.81, 78.46
2016-07-26T08:24:07, INFO, ok, 25.81, 78.46
2016-07-26T08:34:13, INFO, ok, 25.81, 78.46
2016-07-26T08:44:18, INFO, ok, 25.81, 78.46
2016-07-26T08:54:25, INFO, ok, 25.81, 78.46
2016-07-26T09:04:32, INFO, ok, 25.75, 78.35
2016-07-26T09:14:38, INFO, ok, 25.88, 78.58
2016-07-26T09:24:44, INFO, ok, 25.88, 78.58
2016-07-26T09:34:52, INFO, ok, 25.81, 78.46
2016-07-26T09:44:59, INFO, ok, 25.88, 78.58
2016-07-26T09:52:05, INFO, ok, 25.88, 78.58
2016-07-26T09:55:06, INFO, ok, 25.88, 78.58
2016-07-26T10:05:12, INFO, ok, 25.88, 78.58
2016-07-26T10:15:18, INFO, ok, 25.88, 78.58
2016-07-26T10:25:24, INFO, ok, 25.94, 78.69
2016-07-26T10:35:30, INFO, ok, 25.88, 78.58
2016-07-26T10:45:37, INFO, ok, 25.94, 78.69
2016-07-26T10:55:43, INFO, ok, 25.88, 78.58
2016-07-26T11:05:50, INFO, ok, 25.94, 78.69
2016-07-26T11:15:57, INFO, ok, 25.88, 78.58
2016-07-26T11:26:06, INFO, ok, 25.88, 78.58
2016-07-26T11:36:13, INFO, ok, 25.88, 78.58
2016-07-26T11:46:21, INFO, ok, 25.88, 78.58
2016-07-26T11:56:29, INFO, ok, 25.94, 78.69
2016-07-26T12:06:37, INFO, ok, 25.88, 78.58
2016-07-26T12:16:45, INFO, ok, 25.88, 78.58
2016-07-26T12:26:51, INFO, ok, 25.88, 78.58
2016-07-26T12:36:58, INFO, ok, 25.88, 78.58
2016-07-26T12:47:05, INFO, ok, 25.88, 78.58
2016-07-26T12:57:11, INFO, ok, 25.88, 78.58
2016-07-26T13:07:19, INFO, ok, 25.88, 78.58
2016-07-26T13:17:26, INFO, ok, 25.94, 78.69
2016-07-26T13:27:33, INFO, ok, 25.88, 78.58
2016-07-26T13:37:42, INFO, ok, 25.94, 78.69
2016-07-26T13:47:49, INFO, ok, 25.88, 78.58
2016-07-26T13:57:56, INFO, ok, 25.94, 78.69
2016-07-26T14:08:04, INFO, ok, 25.94, 78.69
2016-07-26T14:18:13, INFO, ok, 25.88, 78.58
2016-07-26T14:28:20, INFO, ok, 25.94, 78.69
2016-07-26T14:38:26, INFO, ok, 25.94, 78.69
2016-07-26T14:48:33, INFO, ok, 25.94, 78.69
2016-07-26T14:58:41, INFO, ok, 25.94, 78.69
2016-07-26T15:08:48, INFO, ok, 25.94, 78.69
2016-07-26T15:18:56, INFO, ok, 25.94, 78.69
2016-07-26T15:29:04, INFO, ok, 25.94, 78.69
2016-07-26T15:39:10, INFO, ok, 25.88, 78.58
2016-07-26T15:49:18, INFO, ok, 25.94, 78.69
2016-07-26T15:59:25, INFO, ok, 25.88, 78.58
2016-07-26T16:09:33, INFO, ok, 25.94, 78.69
2016-07-26T16:19:40, INFO, ok, 25.88, 78.58
2016-07-26T16:29:48, INFO, ok, 25.94, 78.69
2016-07-26T16:39:55, INFO, ok, 25.94, 78.69
2016-07-26T16:50:03, INFO, ok, 25.94, 78.69
2016-07-26T17:00:10, INFO, ok, 25.88, 78.58
2016-07-26T17:10:18, INFO, ok, 25.94, 78.69
2016-07-26T17:20:24, INFO, ok, 25.94, 78.69
2016-07-26T17:30:32, INFO, ok, 25.88, 78.58
2016-07-26T17:40:40, INFO, ok, 25.94, 78.69
2016-07-26T17:50:47, INFO, ok, 25.88, 78.58
2016-07-26T18:00:55, INFO, ok, 25.94, 78.69
2016-07-26T18:11:03, INFO, ok, 25.88, 78.58
2016-07-26T18:21:10, INFO, ok, 25.81, 78.46
2016-07-26T18:31:18, INFO, ok, 25.88, 78.58
2016-07-26T18:41:26, INFO, ok, 25.88, 78.58
2016-07-26T18:51:35, INFO, ok, 25.88, 78.58
2016-07-26T19:01:44, INFO, ok, 25.81, 78.46
2016-07-26T19:11:52, INFO, ok, 25.94, 78.69
2016-07-26T19:22:02, INFO, ok, 25.88, 78.58
2016-07-26T19:32:11, INFO, ok, 25.94, 78.69
2016-07-26T19:42:20, INFO, ok, 25.88, 78.58
2016-07-26T19:52:29, INFO, ok, 25.94, 78.69
2016-07-26T20:02:40, INFO, ok, 25.94, 78.69
2016-07-26T20:12:48, INFO, ok, 25.94, 78.69
2016-07-26T20:22:58, INFO, ok, 25.88, 78.58
2016-07-26T20:33:07, INFO, ok, 25.94, 78.69
2016-07-26T20:43:17, INFO, ok, 25.94, 78.69
2016-07-26T20:53:26, INFO, ok, 25.88, 78.58
2016-07-26T21:03:35, INFO, ok, 25.81, 78.46
2016-07-26T21:13:44, INFO, ok, 25.81, 78.46
2016-07-26T21:23:55, INFO, ok, 25.88, 78.58
2016-07-26T21:34:03, INFO, ok, 25.81, 78.46
2016-07-26T21:44:13, INFO, ok, 25.88, 78.58
2016-07-26T21:54:23, INFO, ok, 25.88, 78.58
2016-07-26T22:04:33, INFO, ok, 25.88, 78.58
2016-07-26T22:14:43, INFO, ok, 25.81, 78.46
2016-07-26T22:24:53, INFO, ok, 25.88, 78.58
2016-07-26T22:35:03, INFO, ok, 25.81, 78.46
2016-07-26T22:45:14, INFO, ok, 25.81, 78.46
2016-07-26T22:55:24, INFO, ok, 25.81, 78.46
2016-07-26T23:05:33, INFO, ok, 25.81, 78.46
2016-07-26T23:15:43, INFO, ok, 25.88, 78.58
2016-07-26T23:25:52, INFO, ok, 25.81, 78.46
2016-07-26T23:36:02, INFO, ok, 25.88, 78.58
2016-07-26T23:46:12, INFO, ok, 25.81, 78.46
2016-07-26T23:56:21, INFO, ok, 25.81, 78.46
2016-07-27T00:06:31, INFO, ok, 25.81, 78.46
2016-07-27T00:16:41, INFO, ok, 25.81, 78.46
2016-07-27T00:26:51, INFO, ok, 25.75, 78.35
2016-07-27T00:37:00, INFO, ok, 25.81, 78.46
2016-07-27T00:47:12, INFO, ok, 25.75, 78.35
2016-07-27T00:57:22, INFO, ok, 25.81, 78.46
2016-07-27T01:07:32, INFO, ok, 25.75, 78.35
2016-07-27T01:17:42, INFO, ok, 25.81, 78.46
2016-07-27T01:27:51, INFO, ok, 25.81, 78.46
2016-07-27T01:38:01, INFO, ok, 25.75, 78.35
2016-07-27T01:48:12, INFO, ok, 25.81, 78.46
2016-07-27T01:58:21, INFO, ok, 25.75, 78.35
2016-07-27T02:08:31, INFO, ok, 25.81, 78.46
2016-07-27T02:18:42, INFO, ok, 25.75, 78.35
2016-07-27T02:28:51, INFO, ok, 25.88, 78.58
2016-07-27T02:39:02, INFO, ok, 25.81, 78.46
2016-07-27T02:49:12, INFO, ok, 25.75, 78.35
2016-07-27T02:59:23, INFO, ok, 25.81, 78.46
2016-07-27T03:09:34, INFO, ok, 25.81, 78.46
2016-07-27T03:19:44, INFO, ok, 25.81, 78.46
2016-07-27T03:29:56, INFO, ok, 25.75, 78.35
2016-07-27T03:40:06, INFO, ok, 25.81, 78.46
2016-07-27T03:50:17, INFO, ok, 25.81, 78.46
2016-07-27T04:00:27, INFO, ok, 25.81, 78.46
2016-07-27T04:10:37, INFO, ok, 25.81, 78.46
2016-07-27T04:20:48, INFO, ok, 25.75, 78.35
2016-07-27T04:30:59, INFO, ok, 25.75, 78.35
2016-07-27T04:41:09, INFO, ok, 25.75, 78.35
2016-07-27T04:51:20, INFO, ok, 25.81, 78.46
2016-07-27T05:01:31, INFO, ok, 25.75, 78.35
2016-07-27T05:11:42, INFO, ok, 25.81, 78.46
2016-07-27T05:21:52, INFO, ok, 25.81, 78.46
2016-07-27T05:32:04, INFO, ok, 25.81, 78.46
2016-07-27T05:42:15, INFO, ok, 25.88, 78.58
2016-07-27T05:52:26, INFO, ok, 25.81, 78.46
2016-07-27T06:02:37, INFO, ok, 25.88, 78.58
2016-07-27T06:12:47, INFO, ok, 25.88, 78.58
2016-07-27T06:22:58, INFO, ok, 25.88, 78.58
2016-07-27T06:33:07, INFO, ok, 25.88, 78.58
2016-07-27T06:43:18, INFO, ok, 25.88, 78.58
2016-07-27T06:53:29, INFO, ok, 25.88, 78.58
2016-07-27T07:03:41, INFO, ok, 25.94, 78.69
2016-07-27T07:13:53, INFO, ok, 25.88, 78.58
2016-07-27T07:24:06, INFO, ok, 25.88, 78.58
2016-07-27T07:34:17, INFO, ok, 25.81, 78.46
2016-07-27T07:44:28, INFO, ok, 25.88, 78.58
2016-07-27T07:54:39, INFO, ok, 25.88, 78.58
2016-07-27T08:04:51, INFO, ok, 25.81, 78.46
2016-07-27T08:15:02, INFO, ok, 25.81, 78.46
2016-07-27T08:25:13, INFO, ok, 25.88, 78.58
2016-07-27T08:35:24, INFO, ok, 25.88, 78.58
2016-07-27T08:45:36, INFO, ok, 25.88, 78.58
2016-07-27T08:55:47, INFO, ok, 25.94, 78.69
2016-07-27T09:05:59, INFO, ok, 25.88, 78.58
2016-07-27T09:16:11, INFO, ok, 25.81, 78.46
2016-07-27T09:26:23, INFO, ok, 25.88, 78.58
2016-07-27T09:36:34, INFO, ok, 25.81, 78.46
2016-07-27T09:46:44, INFO, ok, 25.88, 78.58
2016-07-27T09:52:54, INFO, ok, 25.88, 78.58
2016-07-27T09:56:55, INFO, ok, 25.94, 78.69
2016-07-27T10:07:05, INFO, ok, 25.88, 78.58
2016-07-27T10:17:15, INFO, ok, 25.94, 78.69
2016-07-27T10:27:25, INFO, ok, 25.88, 78.58
2016-07-27T10:37:35, INFO, ok, 25.81, 78.46
2016-07-27T10:47:45, INFO, ok, 25.88, 78.58
2016-07-27T10:57:57, INFO, ok, 25.81, 78.46
2016-07-27T11:08:09, INFO, ok, 25.88, 78.58
2016-07-27T11:18:21, INFO, ok, 25.88, 78.58
2016-07-27T11:28:32, INFO, ok, 25.88, 78.58
2016-07-27T11:38:44, INFO, ok, 25.94, 78.69
2016-07-27T11:48:56, INFO, ok, 25.88, 78.58
2016-07-27T11:59:09, INFO, ok, 25.94, 78.69
2016-07-27T12:09:21, INFO, ok, 25.88, 78.58
2016-07-27T12:19:33, INFO, ok, 25.88, 78.58
2016-07-27T12:29:45, INFO, ok, 25.88, 78.58
2016-07-27T12:39:57, INFO, ok, 25.88, 78.58
2016-07-27T12:50:09, INFO, ok, 25.94, 78.69
2016-07-27T13:00:21, INFO, ok, 25.88, 78.58
2016-07-27T13:10:34, INFO, ok, 25.94, 78.69
2016-07-27T13:20:47, INFO, ok, 25.94, 78.69
2016-07-27T13:30:58, INFO, ok, 25.88, 78.58
2016-07-27T13:41:12, INFO, ok, 25.88, 78.58
2016-07-27T13:51:25, INFO, ok, 25.88, 78.58
2016-07-27T14:01:37, INFO, ok, 25.88, 78.58
2016-07-27T14:11:51, INFO, ok, 25.88, 78.58
2016-07-27T14:22:03, INFO, ok, 25.94, 78.69
2016-07-27T14:32:15, INFO, ok, 25.88, 78.58
2016-07-27T14:42:28, INFO, ok, 25.94, 78.69
2016-07-27T14:52:40, INFO, ok, 25.94, 78.69
2016-07-27T15:02:53, INFO, ok, 25.88, 78.58
2016-07-27T15:13:07, INFO, ok, 25.94, 78.69
2016-07-27T15:23:19, INFO, ok, 25.88, 78.58
2016-07-27T15:33:33, INFO, ok, 25.94, 78.69
2016-07-27T15:43:45, INFO, ok, 25.88, 78.58
2016-07-27T15:53:59, INFO, ok, 25.94, 78.69
2016-07-27T16:04:13, INFO, ok, 25.88, 78.58
2016-07-27T16:14:26, INFO, ok, 25.94, 78.69
2016-07-27T16:24:41, INFO, ok, 25.88, 78.58
2016-07-27T16:34:54, INFO, ok, 25.94, 78.69
2016-07-27T16:45:07, INFO, ok, 25.94, 78.69
2016-07-27T16:55:21, INFO, ok, 25.94, 78.69
2016-07-27T17:05:33, INFO, ok, 26.00, 78.80
2016-07-27T17:15:46, INFO, ok, 25.94, 78.69
2016-07-27T17:26:01, INFO, ok, 25.94, 78.69
2016-07-27T17:36:15, INFO, ok, 25.94, 78.69
2016-07-27T17:46:28, INFO, ok, 25.94, 78.69
2016-07-27T17:56:43, INFO, ok, 25.94, 78.69
2016-07-27T18:06:56, INFO, ok, 25.88, 78.58
2016-07-27T18:17:09, INFO, ok, 25.94, 78.69
2016-07-27T18:27:23, INFO, ok, 25.88, 78.58
2016-07-27T18:37:36, INFO, ok, 25.94, 78.69
2016-07-27T18:47:50, INFO, ok, 25.94, 78.69
2016-07-27T18:58:03, INFO, ok, 25.94, 78.69
2016-07-27T19:08:18, INFO, ok, 25.94, 78.69
2016-07-27T19:18:32, INFO, ok, 25.88, 78.58
2016-07-27T19:28:45, INFO, ok, 25.94, 78.69
2016-07-27T19:39:00, INFO, ok, 25.88, 78.58
2016-07-27T19:49:16, INFO, ok, 25.88, 78.58
2016-07-27T19:59:31, INFO, ok, 25.88, 78.58
2016-07-27T20:09:45, INFO, ok, 25.88, 78.58
2016-07-27T20:19:59, INFO, ok, 25.88, 78.58
2016-07-27T20:30:13, INFO, ok, 25.88, 78.58
2016-07-27T20:40:27, INFO, ok, 25.88, 78.58
2016-07-27T20:50:41, INFO, ok, 25.88, 78.58
2016-07-27T21:00:55, INFO, ok, 25.94, 78.69
2016-07-27T21:11:08, INFO, ok, 25.88, 78.58
2016-07-27T21:21:22, INFO, ok, 25.88, 78.58
2016-07-27T21:31:38, INFO, ok, 25.88, 78.58
2016-07-27T21:41:53, INFO, ok, 25.94, 78.69
2016-07-27T21:52:08, INFO, ok, 25.88, 78.58
2016-07-27T22:02:23, INFO, ok, 25.81, 78.46
2016-07-27T22:12:39, INFO, ok, 25.88, 78.58
2016-07-27T22:22:53, INFO, ok, 25.94, 78.69
2016-07-27T22:33:07, INFO, ok, 25.88, 78.58
2016-07-27T22:43:23, INFO, ok, 25.94, 78.69
2016-07-27T22:53:37, INFO, ok, 25.88, 78.58
2016-07-27T23:03:52, INFO, ok, 25.88, 78.58
2016-07-27T23:14:06, INFO, ok, 25.88, 78.58
2016-07-27T23:24:22, INFO, ok, 25.88, 78.58
2016-07-27T23:34:37, INFO, ok, 25.88, 78.58
2016-07-27T23:44:51, INFO, ok, 25.81, 78.46
2016-07-27T23:55:05, INFO, ok, 25.88, 78.58
2016-07-28T00:05:21, INFO, ok, 25.81, 78.46
2016-07-28T00:15:36, INFO, ok, 25.88, 78.58
2016-07-28T00:25:51, INFO, ok, 25.81, 78.46
2016-07-28T00:36:07, INFO, ok, 25.81, 78.46
2016-07-28T00:46:22, INFO, ok, 25.81, 78.46
2016-07-28T00:56:37, INFO, ok, 25.81, 78.46
2016-07-28T01:06:53, INFO, ok, 25.81, 78.46
2016-07-28T01:17:08, INFO, ok, 25.81, 78.46
2016-07-28T01:27:22, INFO, ok, 25.88, 78.58
2016-07-28T01:37:38, INFO, ok, 25.81, 78.46
2016-07-28T01:47:53, INFO, ok, 25.88, 78.58
2016-07-28T01:58:07, INFO, ok, 25.81, 78.46
2016-07-28T02:08:24, INFO, ok, 25.88, 78.58
2016-07-28T02:18:40, INFO, ok, 25.81, 78.46
2016-07-28T02:28:55, INFO, ok, 25.88, 78.58
2016-07-28T02:39:11, INFO, ok, 25.81, 78.46
2016-07-28T02:49:26, INFO, ok, 25.81, 78.46
2016-07-28T02:59:41, INFO, ok, 25.81, 78.46
2016-07-28T03:09:57, INFO, ok, 25.88, 78.58
2016-07-28T03:20:14, INFO, ok, 25.81, 78.46
2016-07-28T03:30:30, INFO, ok, 25.88, 78.58
2016-07-28T03:40:46, INFO, ok, 25.81, 78.46
2016-07-28T03:51:02, INFO, ok, 25.81, 78.46
2016-07-28T04:01:19, INFO, ok, 25.88, 78.58
2016-07-28T04:11:36, INFO, ok, 25.81, 78.46
2016-07-28T04:21:52, INFO, ok, 25.88, 78.58
2016-07-28T04:32:07, INFO, ok, 25.81, 78.46
2016-07-28T04:42:23, INFO, ok, 25.88, 78.58
2016-07-28T04:52:38, INFO, ok, 25.81, 78.46
2016-07-28T05:02:54, INFO, ok, 25.88, 78.58
2016-07-28T05:13:10, INFO, ok, 25.81, 78.46
2016-07-28T05:23:25, INFO, ok, 25.88, 78.58
2016-07-28T05:33:42, INFO, ok, 25.88, 78.58
2016-07-28T05:44:00, INFO, ok, 25.81, 78.46
2016-07-28T05:54:15, INFO, ok, 25.88, 78.58
2016-07-28T06:04:31, INFO, ok, 25.88, 78.58
2016-07-28T06:14:47, INFO, ok, 25.88, 78.58
2016-07-28T06:25:03, INFO, ok, 25.88, 78.58
2016-07-28T06:35:27, INFO, ok, 25.88, 78.58
2016-07-28T06:45:43, INFO, ok, 25.81, 78.46
2016-07-28T06:55:59, INFO, ok, 25.94, 78.69
2016-07-28T07:06:15, INFO, ok, 25.88, 78.58
2016-07-28T07:16:31, INFO, ok, 25.88, 78.58
2016-07-28T07:26:47, INFO, ok, 25.88, 78.58
2016-07-28T07:37:03, INFO, ok, 25.94, 78.69
2016-07-28T07:47:18, INFO, ok, 25.88, 78.58
2016-07-28T07:57:34, INFO, ok, 25.88, 78.58
2016-07-28T08:07:50, INFO, ok, 25.88, 78.58
2016-07-28T08:18:07, INFO, ok, 25.88, 78.58
2016-07-28T08:28:25, INFO, ok, 25.88, 78.58
2016-07-28T08:38:42, INFO, ok, 25.88, 78.58
2016-07-28T08:48:58, INFO, ok, 25.94, 78.69
2016-07-28T08:59:15, INFO, ok, 25.88, 78.58
2016-07-28T09:09:34, INFO, ok, 25.81, 78.46
2016-07-28T09:19:50, INFO, ok, 25.81, 78.46
2016-07-28T09:30:06, INFO, ok, 25.81, 78.46
2016-07-28T09:40:23, INFO, ok, 25.88, 78.58
2016-07-28T09:50:39, INFO, ok, 25.81, 78.46
2016-07-28T09:53:54, INFO, ok, 25.88, 78.58
2016-07-28T10:00:55, INFO, ok, 25.88, 78.58
2016-07-28T10:11:11, INFO, ok, 25.88, 78.58
2016-07-28T10:21:28, INFO, ok, 25.88, 78.58
2016-07-28T10:31:46, INFO, ok, 25.88, 78.58
2016-07-28T10:42:04, INFO, ok, 25.94, 78.69
2016-07-28T10:52:21, INFO, ok, 25.94, 78.69
2016-07-28T11:02:37, INFO, ok, 25.88, 78.58
2016-07-28T11:12:55, INFO, ok, 25.94, 78.69
2016-07-28T11:23:13, INFO, ok, 25.88, 78.58
2016-07-28T11:33:31, INFO, ok, 25.94, 78.69
2016-07-28T11:43:50, INFO, ok, 25.88, 78.58
2016-07-28T11:54:09, INFO, ok, 25.94, 78.69
2016-07-28T12:04:25, INFO, ok, 25.94, 78.69
2016-07-28T12:14:43, INFO, ok, 25.94, 78.69
2016-07-28T12:25:00, INFO, ok, 25.94, 78.69
2016-07-28T12:35:19, INFO, ok, 25.88, 78.58
2016-07-28T12:45:36, INFO, ok, 25.88, 78.58
2016-07-28T12:55:54, INFO, ok, 25.88, 78.58
2016-07-28T13:06:12, INFO, ok, 25.88, 78.58
2016-07-28T13:16:29, INFO, ok, 25.94, 78.69
2016-07-28T13:26:46, INFO, ok, 25.88, 78.58
2016-07-28T13:37:04, INFO, ok, 25.94, 78.69
2016-07-28T13:47:22, INFO, ok, 25.94, 78.69
2016-07-28T13:57:40, INFO, ok, 25.94, 78.69
2016-07-28T14:07:58, INFO, ok, 25.94, 78.69
2016-07-28T14:18:16, INFO, ok, 25.94, 78.69
2016-07-28T14:28:32, INFO, ok, 25.94, 78.69
2016-07-28T14:38:47, INFO, ok, 25.94, 78.69
2016-07-28T14:49:03, INFO, ok, 25.94, 78.69
2016-07-28T14:59:19, INFO, ok, 25.94, 78.69
2016-07-28T15:09:35, INFO, ok, 25.94, 78.69
2016-07-28T15:19:52, INFO, ok, 25.94, 78.69
2016-07-28T15:30:11, INFO, ok, 25.94, 78.69
2016-07-28T15:40:30, INFO, ok, 25.94, 78.69
2016-07-28T15:50:48, INFO, ok, 25.94, 78.69
2016-07-28T16:01:06, INFO, ok, 25.94, 78.69
2016-07-28T16:11:24, INFO, ok, 25.88, 78.58
2016-07-28T16:21:42, INFO, ok, 25.94, 78.69
2016-07-28T16:32:00, INFO, ok, 25.88, 78.58
2016-07-28T16:42:16, INFO, ok, 25.94, 78.69
2016-07-28T16:52:32, INFO, ok, 25.88, 78.58
2016-07-28T17:02:48, INFO, ok, 25.94, 78.69
2016-07-28T17:13:04, INFO, ok, 25.94, 78.69
2016-07-28T17:23:20, INFO, ok, 25.94, 78.69
2016-07-28T17:33:36, INFO, ok, 25.94, 78.69
2016-07-28T17:43:52, INFO, ok, 25.88, 78.58
2016-07-28T17:54:08, INFO, ok, 25.94, 78.69
2016-07-28T18:04:24, INFO, ok, 25.94, 78.69
2016-07-28T18:14:41, INFO, ok, 25.94, 78.69
2016-07-28T18:24:57, INFO, ok, 25.88, 78.58
2016-07-28T18:35:13, INFO, ok, 25.94, 78.69
2016-07-28T18:45:30, INFO, ok, 25.88, 78.58
2016-07-28T18:55:46, INFO, ok, 25.94, 78.69
2016-07-28T19:06:02, INFO, ok, 25.88, 78.58
2016-07-28T19:16:19, INFO, ok, 25.88, 78.58
2016-07-28T19:26:35, INFO, ok, 25.88, 78.58
2016-07-28T19:36:52, INFO, ok, 25.88, 78.58
2016-07-28T19:47:08, INFO, ok, 25.88, 78.58
2016-07-28T19:57:25, INFO, ok, 25.88, 78.58
2016-07-28T20:07:42, INFO, ok, 25.94, 78.69
2016-07-28T20:17:58, INFO, ok, 25.88, 78.58
2016-07-28T20:28:15, INFO, ok, 25.81, 78.46
2016-07-28T20:38:31, INFO, ok, 25.88, 78.58
2016-07-28T20:48:48, INFO, ok, 25.88, 78.58
2016-07-28T20:59:05, INFO, ok, 25.88, 78.58
2016-07-28T21:09:22, INFO, ok, 25.88, 78.58
2016-07-28T21:19:38, INFO, ok, 25.88, 78.58
2016-07-28T21:29:55, INFO, ok, 25.88, 78.58
2016-07-28T21:40:12, INFO, ok, 25.88, 78.58
2016-07-28T21:50:29, INFO, ok, 25.88, 78.58
2016-07-28T22:00:46, INFO, ok, 25.88, 78.58
2016-07-28T22:11:03, INFO, ok, 25.88, 78.58
2016-07-28T22:21:20, INFO, ok, 25.81, 78.46
2016-07-28T22:31:37, INFO, ok, 25.88, 78.58
2016-07-28T22:41:54, INFO, ok, 25.88, 78.58
2016-07-28T22:52:12, INFO, ok, 25.88, 78.58
2016-07-28T23:02:29, INFO, ok, 25.94, 78.69
2016-07-28T23:12:46, INFO, ok, 25.88, 78.58
2016-07-28T23:23:04, INFO, ok, 25.94, 78.69
2016-07-28T23:33:21, INFO, ok, 25.88, 78.58
2016-07-28T23:43:39, INFO, ok, 25.81, 78.46
2016-07-28T23:53:56, INFO, ok, 25.88, 78.58
2016-07-29T00:04:13, INFO, ok, 25.81, 78.46
2016-07-29T00:14:31, INFO, ok, 25.88, 78.58
2016-07-29T00:24:48, INFO, ok, 25.81, 78.46
2016-07-29T00:35:06, INFO, ok, 25.81, 78.46
2016-07-29T00:45:24, INFO, ok, 25.81, 78.46
2016-07-29T00:55:42, INFO, ok, 25.81, 78.46
2016-07-29T01:05:59, INFO, ok, 25.75, 78.35
2016-07-29T01:16:17, INFO, ok, 25.81, 78.46
2016-07-29T01:26:35, INFO, ok, 25.75, 78.35
2016-07-29T01:36:52, INFO, ok, 25.81, 78.46
2016-07-29T01:47:10, INFO, ok, 25.88, 78.58
2016-07-29T01:57:28, INFO, ok, 25.81, 78.46
2016-07-29T02:07:46, INFO, ok, 25.75, 78.35
2016-07-29T02:18:04, INFO, ok, 25.81, 78.46
2016-07-29T02:28:22, INFO, ok, 25.75, 78.35
2016-07-29T02:38:40, INFO, ok, 25.81, 78.46
2016-07-29T02:48:58, INFO, ok, 25.81, 78.46
2016-07-29T02:59:16, INFO, ok, 25.81, 78.46
2016-07-29T03:09:34, INFO, ok, 25.81, 78.46
2016-07-29T03:19:52, INFO, ok, 25.81, 78.46
2016-07-29T03:30:11, INFO, ok, 25.81, 78.46
2016-07-29T03:40:29, INFO, ok, 25.88, 78.58
2016-07-29T03:50:47, INFO, ok, 25.81, 78.46
2016-07-29T04:01:05, INFO, ok, 25.88, 78.58
2016-07-29T04:11:24, INFO, ok, 25.81, 78.46
2016-07-29T04:21:42, INFO, ok, 25.81, 78.46
2016-07-29T04:32:00, INFO, ok, 25.81, 78.46
2016-07-29T04:42:19, INFO, ok, 25.81, 78.46
2016-07-29T04:52:37, INFO, ok, 25.81, 78.46
2016-07-29T05:02:56, INFO, ok, 25.88, 78.58
2016-07-29T05:13:14, INFO, ok, 25.88, 78.58
2016-07-29T05:23:33, INFO, ok, 25.88, 78.58
2016-07-29T05:33:51, INFO, ok, 25.88, 78.58
2016-07-29T05:44:10, INFO, ok, 25.88, 78.58
2016-07-29T05:54:28, INFO, ok, 25.94, 78.69
2016-07-29T06:04:47, INFO, ok, 25.94, 78.69
2016-07-29T06:15:06, INFO, ok, 25.94, 78.69
2016-07-29T06:25:25, INFO, ok, 25.94, 78.69
2016-07-29T06:35:44, INFO, ok, 25.94, 78.69
2016-07-29T06:46:02, INFO, ok, 25.94, 78.69
2016-07-29T06:56:21, INFO, ok, 25.88, 78.58
2016-07-29T07:06:40, INFO, ok, 25.88, 78.58
2016-07-29T07:16:59, INFO, ok, 25.88, 78.58
2016-07-29T07:27:18, INFO, ok, 25.88, 78.58
2016-07-29T07:37:37, INFO, ok, 25.88, 78.58
2016-07-29T07:47:56, INFO, ok, 25.88, 78.58
2016-07-29T07:58:16, INFO, ok, 25.88, 78.58
2016-07-29T08:08:35, INFO, ok, 25.88, 78.58
2016-07-29T08:18:54, INFO, ok, 25.81, 78.46
2016-07-29T08:29:13, INFO, ok, 25.88, 78.58
2016-07-29T08:39:33, INFO, ok, 25.88, 78.58
2016-07-29T08:49:52, INFO, ok, 25.88, 78.58
2016-07-29T09:00:12, INFO, ok, 25.81, 78.46
2016-07-29T09:10:31, INFO, ok, 25.88, 78.58
2016-07-29T09:20:50, INFO, ok, 25.88, 78.58
2016-07-29T09:31:10, INFO, ok, 25.94, 78.69
2016-07-29T09:41:29, INFO, ok, 25.88, 78.58
2016-07-29T09:51:49, INFO, ok, 25.94, 78.69
2016-07-29T09:54:07, INFO, ok, 25.94, 78.69
2016-07-29T10:02:09, INFO, ok, 25.88, 78.58
2016-07-29T10:12:28, INFO, ok, 25.94, 78.69
2016-07-29T10:22:48, INFO, ok, 25.88, 78.58
2016-07-29T10:33:08, INFO, ok, 25.94, 78.69
2016-07-29T10:43:27, INFO, ok, 25.88, 78.58
2016-07-29T10:53:47, INFO, ok, 25.94, 78.69
2016-07-29T11:04:07, INFO, ok, 25.88, 78.58
2016-07-29T11:14:27, INFO, ok, 25.88, 78.58
2016-07-29T11:24:47, INFO, ok, 25.88, 78.58
2016-07-29T11:35:07, INFO, ok, 25.94, 78.69
2016-07-29T11:45:27, INFO, ok, 25.88, 78.58
2016-07-29T11:55:47, INFO, ok, 25.94, 78.69
2016-07-29T12:06:08, INFO, ok, 25.94, 78.69
2016-07-29T12:16:28, INFO, ok, 25.94, 78.69
2016-07-29T12:26:48, INFO, ok, 25.94, 78.69
2016-07-29T12:37:08, INFO, ok, 25.94, 78.69
2016-07-29T12:47:28, INFO, ok, 25.88, 78.58
2016-07-29T12:57:48, INFO, ok, 25.94, 78.69
2016-07-29T13:08:09, INFO, ok, 25.88, 78.58
2016-07-29T13:18:29, INFO, ok, 25.88, 78.58
2016-07-29T13:28:50, INFO, ok, 25.88, 78.58
2016-07-29T13:39:10, INFO, ok, 25.88, 78.58
2016-07-29T13:49:31, INFO, ok, 25.88, 78.58
2016-07-29T13:59:51, INFO, ok, 25.94, 78.69
2016-07-29T14:10:12, INFO, ok, 25.88, 78.58
2016-07-29T14:20:33, INFO, ok, 25.94, 78.69
2016-07-29T14:30:54, INFO, ok, 25.88, 78.58
2016-07-29T14:41:14, INFO, ok, 25.94, 78.69
2016-07-29T14:51:35, INFO, ok, 25.94, 78.69
2016-07-29T15:01:56, INFO, ok, 25.94, 78.69
2016-07-29T15:12:17, INFO, ok, 25.94, 78.69
2016-07-29T15:22:38, INFO, ok, 25.94, 78.69
2016-07-29T15:32:59, INFO, ok, 25.94, 78.69
2016-07-29T15:43:20, INFO, ok, 25.88, 78.58
2016-07-29T15:53:41, INFO, ok, 25.94, 78.69
2016-07-29T16:04:02, INFO, ok, 25.94, 78.69
2016-07-29T16:14:23, INFO, ok, 25.94, 78.69
2016-07-29T16:24:44, INFO, ok, 25.94, 78.69
2016-07-29T16:35:05, INFO, ok, 25.94, 78.69
2016-07-29T16:45:26, INFO, ok, 25.88, 78.58
2016-07-29T16:55:48, INFO, ok, 25.94, 78.69
2016-07-29T17:06:09, INFO, ok, 25.88, 78.58
2016-07-29T17:16:30, INFO, ok, 25.94, 78.69
2016-07-29T17:26:52, INFO, ok, 25.94, 78.69
2016-07-29T17:37:13, INFO, ok, 25.88, 78.58
2016-07-29T17:47:35, INFO, ok, 25.94, 78.69
2016-07-29T17:57:57, INFO, ok, 25.88, 78.58
2016-07-29T18:08:18, INFO, ok, 25.81, 78.46
2016-07-29T18:18:40, INFO, ok, 25.88, 78.58
2016-07-29T18:29:01, INFO, ok, 25.88, 78.58
2016-07-29T18:39:23, INFO, ok, 25.88, 78.58
2016-07-29T18:49:45, INFO, ok, 25.94, 78.69
2016-07-29T19:00:07, INFO, ok, 25.88, 78.58
2016-07-29T19:10:29, INFO, ok, 25.88, 78.58
2016-07-29T19:20:50, INFO, ok, 25.88, 78.58
2016-07-29T19:31:12, INFO, ok, 25.88, 78.58
2016-07-29T19:41:34, INFO, ok, 25.94, 78.69
2016-07-29T19:51:56, INFO, ok, 25.88, 78.58
2016-07-29T20:02:18, INFO, ok, 25.88, 78.58
2016-07-29T20:12:40, INFO, ok, 25.88, 78.58
2016-07-29T20:23:02, INFO, ok, 25.88, 78.58
2016-07-29T20:33:25, INFO, ok, 25.81, 78.46
2016-07-29T20:43:47, INFO, ok, 25.88, 78.58
2016-07-29T20:54:08, INFO, ok, 25.88, 78.58
2016-07-29T21:04:31, INFO, ok, 25.88, 78.58
2016-07-29T21:14:53, INFO, ok, 25.88, 78.58
2016-07-29T21:25:15, INFO, ok, 25.88, 78.58
2016-07-29T21:35:38, INFO, ok, 25.88, 78.58
2016-07-29T21:46:00, INFO, ok, 25.94, 78.69
2016-07-29T21:56:22, INFO, ok, 25.88, 78.58
2016-07-29T22:06:45, INFO, ok, 25.94, 78.69
2016-07-29T22:17:07, INFO, ok, 25.88, 78.58
2016-07-29T22:27:30, INFO, ok, 25.81, 78.46
2016-07-29T22:37:53, INFO, ok, 25.88, 78.58
2016-07-29T22:48:16, INFO, ok, 25.81, 78.46
2016-07-29T22:58:38, INFO, ok, 25.88, 78.58
2016-07-29T23:09:01, INFO, ok, 25.88, 78.58
2016-07-29T23:19:25, INFO, ok, 25.88, 78.58
2016-07-29T23:29:47, INFO, ok, 25.81, 78.46
2016-07-29T23:40:10, INFO, ok, 25.81, 78.46
2016-07-29T23:50:34, INFO, ok, 25.88, 78.58
2016-07-30T00:00:57, INFO, ok, 25.81, 78.46
2016-07-30T00:11:20, INFO, ok, 25.88, 78.58
2016-07-30T00:21:43, INFO, ok, 25.81, 78.46
2016-07-30T00:32:06, INFO, ok, 25.75, 78.35
2016-07-30T00:42:29, INFO, ok, 25.81, 78.46
2016-07-30T00:52:53, INFO, ok, 25.75, 78.35
2016-07-30T01:03:16, INFO, ok, 25.81, 78.46
2016-07-30T01:13:40, INFO, ok, 25.75, 78.35
2016-07-30T01:24:03, INFO, ok, 25.81, 78.46
2016-07-30T01:34:26, INFO, ok, 25.75, 78.35
2016-07-30T01:44:50, INFO, ok, 25.81, 78.46
2016-07-30T01:55:13, INFO, ok, 25.81, 78.46
2016-07-30T02:05:37, INFO, ok, 25.81, 78.46
2016-07-30T02:16:01, INFO, ok, 25.88, 78.58
2016-07-30T02:26:24, INFO, ok, 25.81, 78.46
2016-07-30T02:36:48, INFO, ok, 25.81, 78.46
2016-07-30T02:47:12, INFO, ok, 25.81, 78.46
2016-07-30T02:57:36, INFO, ok, 25.81, 78.46
2016-07-30T03:07:59, INFO, ok, 25.81, 78.46
2016-07-30T03:18:23, INFO, ok, 25.88, 78.58
2016-07-30T03:28:47, INFO, ok, 25.81, 78.46
2016-07-30T03:39:11, INFO, ok, 25.88, 78.58
2016-07-30T03:49:35, INFO, ok, 25.81, 78.46
2016-07-30T03:59:59, INFO, ok, 25.88, 78.58
2016-07-30T04:10:24, INFO, ok, 25.88, 78.58
2016-07-30T04:20:48, INFO, ok, 25.81, 78.46
2016-07-30T04:31:12, INFO, ok, 25.81, 78.46
2016-07-30T04:41:36, INFO, ok, 25.81, 78.46
2016-07-30T04:52:01, INFO, ok, 25.81, 78.46
2016-07-30T05:02:25, INFO, ok, 25.81, 78.46
2016-07-30T05:12:49, INFO, ok, 25.75, 78.35
2016-07-30T05:23:14, INFO, ok, 25.81, 78.46
2016-07-30T05:33:38, INFO, ok, 25.88, 78.58
2016-07-30T05:44:02, INFO, ok, 25.81, 78.46
2016-07-30T05:54:27, INFO, ok, 25.81, 78.46
2016-07-30T06:04:51, INFO, ok, 25.88, 78.58
2016-07-30T06:15:16, INFO, ok, 25.81, 78.46
2016-07-30T06:25:41, INFO, ok, 25.88, 78.58
2016-07-30T06:36:05, INFO, ok, 25.81, 78.46
2016-07-30T06:46:30, INFO, ok, 25.88, 78.58
2016-07-30T06:56:55, INFO, ok, 25.81, 78.46
2016-07-30T07:07:20, INFO, ok, 25.88, 78.58
2016-07-30T07:17:45, INFO, ok, 25.81, 78.46
2016-07-30T07:28:09, INFO, ok, 25.75, 78.35
2016-07-30T07:38:34, INFO, ok, 25.81, 78.46
2016-07-30T07:17:27, INFO, ***start program
2016-07-30T07:17:27, INFO, testing = False
2016-07-30T07:17:27, INFO, hi, 85.00, 185.00
2016-07-30T07:49:10, INFO, ok, 25.81, 78.46
2016-07-30T07:59:16, INFO, ok, 25.81, 78.46
2016-07-30T08:09:19, INFO, ok, 25.88, 78.58
2016-07-30T08:19:23, INFO, ok, 25.81, 78.46
2016-07-30T08:29:27, INFO, ok, 25.81, 78.46
2016-07-30T08:39:30, INFO, ok, 25.81, 78.46
2016-07-30T08:49:34, INFO, ok, 25.81, 78.46
2016-07-30T08:59:37, INFO, ok, 25.44, 77.79
2016-07-30T09:09:41, INFO, ok, 25.62, 78.12
2016-07-30T09:19:46, INFO, ok, 25.38, 77.67
2016-07-30T09:29:51, INFO, ok, 25.56, 78.01
2016-07-30T09:40:18, INFO, ***start program
2016-07-30T09:40:18, INFO, testing = False
2016-07-30T09:40:18, INFO, ok, 25.62, 78.12
2016-07-30T09:50:21, INFO, ok, 25.69, 78.24
2016-07-30T09:59:15, INFO, ***start program
2016-07-30T09:59:15, INFO, testing = False
2016-07-30T09:59:15, INFO, ok, 25.75, 78.35
2016-07-30T10:09:17, INFO, ok, 25.81, 78.46
2016-07-30T10:10:06, INFO, ***start program
2016-07-30T10:10:06, INFO, testing = False
2016-07-30T10:10:06, INFO, ok, 25.81, 78.46
2016-07-30T10:20:29, INFO, ok, 25.88, 78.58
